Log file open, 07/20/22 18:58:42
LogWindows: Failed to load 'aqProf.dll' (GetLastError=126)
LogWindows: File 'aqProf.dll' does not exist
LogWindows: Failed to load 'VtuneApi.dll' (GetLastError=126)
LogWindows: File 'VtuneApi.dll' does not exist
LogWindows: Failed to load 'VtuneApi32e.dll' (GetLastError=126)
LogWindows: File 'VtuneApi32e.dll' does not exist
LogConsoleResponse: Display: Failed to find resolution value strings in scalability ini. Falling back to default.
LogConsoleResponse: Display: Failed to find resolution value strings in scalability ini. Falling back to default.
LogInit: Display: Running engine for game: AGunPythonPractice
LogPlatformFile: Not using cached read wrapper
LogTaskGraph: Started task graph with 5 named threads and 35 total threads with 3 sets of task threads.
LogStats: Stats thread started at 0.225034
LogICUInternationalization: ICU TimeZone Detection - Raw Offset: +8:00, Platform Override: ''
LogInit: Display: Loading text-based GConfig....
LogPluginManager: Mounting plugin MegascansPlugin
LogPluginManager: Mounting plugin MeshPainting
LogPluginManager: Mounting plugin ScriptPlugin
LogPluginManager: Mounting plugin XGEController
LogPluginManager: Mounting plugin Paper2D
LogPluginManager: Mounting plugin AISupport
LogPluginManager: Mounting plugin EnvironmentQueryEditor
LogPluginManager: Mounting plugin LightPropagationVolume
LogPluginManager: Mounting plugin LiveLink
LogPluginManager: Mounting plugin GameplayCameras
LogPluginManager: Mounting plugin OodleData
LogPluginManager: Mounting plugin CameraShakePreviewer
LogPluginManager: Mounting plugin OodleNetwork
LogPluginManager: Mounting plugin AnimationSharing
LogPluginManager: Mounting plugin CLionSourceCodeAccess
LogPluginManager: Mounting plugin CodeLiteSourceCodeAccess
LogPluginManager: Mounting plugin GitSourceControl
LogPluginManager: Mounting plugin KDevelopSourceCodeAccess
LogPluginManager: Mounting plugin NullSourceCodeAccess
LogPluginManager: Mounting plugin PerforceSourceControl
LogPluginManager: Mounting plugin PixWinPlugin
LogPluginManager: Mounting plugin PlasticSourceControl
LogPluginManager: Mounting plugin PluginUtils
LogPluginManager: Mounting plugin PropertyAccessNode
LogPluginManager: Mounting plugin RiderSourceCodeAccess
LogPluginManager: Mounting plugin SubversionSourceControl
LogPluginManager: Mounting plugin TextureFormatOodle
LogPluginManager: Mounting plugin UObjectPlugin
LogPluginManager: Mounting plugin VisualStudioSourceCodeAccess
LogPluginManager: Mounting plugin XCodeSourceCodeAccess
LogPluginManager: Mounting plugin VisualStudioCodeSourceCodeAccess
LogPluginManager: Mounting plugin DatasmithContent
LogPluginManager: Mounting plugin Niagara
LogPluginManager: Mounting plugin VariantManagerContent
LogPluginManager: Mounting plugin AssetManagerEditor
LogPluginManager: Mounting plugin CryptoKeys
LogPluginManager: Mounting plugin CurveEditorTools
LogPluginManager: Mounting plugin DataValidation
LogPluginManager: Mounting plugin EditorScriptingUtilities
LogPluginManager: Mounting plugin FacialAnimation
LogPluginManager: Mounting plugin GameplayTagsEditor
LogPluginManager: Mounting plugin GeometryMode
LogPluginManager: Mounting plugin MacGraphicsSwitching
LogPluginManager: Mounting plugin MaterialAnalyzer
LogPluginManager: Mounting plugin MobileLauncherProfileWizard
LogPluginManager: Mounting plugin PluginBrowser
LogPluginManager: Mounting plugin SpeedTreeImporter
LogPluginManager: Mounting plugin LuminPlatformFeatures
LogPluginManager: Mounting plugin MagicLeap
LogPluginManager: Mounting plugin MagicLeapLightEstimation
LogPluginManager: Mounting plugin MagicLeapMedia
LogPluginManager: Mounting plugin MLSDK
LogPluginManager: Mounting plugin AlembicImporter
LogPluginManager: Mounting plugin MagicLeapPassableWorld
LogPluginManager: Mounting plugin AppleVision
LogPluginManager: Mounting plugin AutomationUtils
LogPluginManager: Mounting plugin BackChannel
LogPluginManager: Mounting plugin ChaosClothEditor
LogPluginManager: Mounting plugin ChaosCloth
LogPluginManager: Mounting plugin ChaosEditor
LogPluginManager: Mounting plugin ChaosSolverPlugin
LogPluginManager: Mounting plugin ChaosNiagara
LogPluginManager: Mounting plugin CharacterAI
LogPluginManager: Mounting plugin GeometryCache
LogPluginManager: Mounting plugin GeometryCollectionPlugin
LogPluginManager: Mounting plugin GeometryProcessing
LogPluginManager: Mounting plugin MotoSynth
LogPluginManager: Mounting plugin OpenImageDenoise
LogPluginManager: Mounting plugin PlanarCut
LogPluginManager: Mounting plugin PlatformCrypto
LogPluginManager: Mounting plugin ProxyLODPlugin
LogPluginManager: Mounting plugin PythonScriptPlugin
LogPluginManager: Mounting plugin SkeletalReduction
LogPluginManager: Mounting plugin AndroidMedia
LogPluginManager: Mounting plugin AvfMedia
LogPluginManager: Mounting plugin ImgMedia
LogPluginManager: Mounting plugin MediaCompositing
LogPluginManager: Mounting plugin MediaPlayerEditor
LogPluginManager: Mounting plugin WebMMedia
LogPluginManager: Mounting plugin WmfMedia
LogPluginManager: Mounting plugin TcpMessaging
LogPluginManager: Mounting plugin UdpMessaging
LogPluginManager: Mounting plugin ActorSequence
LogPluginManager: Mounting plugin LevelSequenceEditor
LogPluginManager: Mounting plugin MatineeToLevelSequence
LogPluginManager: Mounting plugin SequencerScripting
LogPluginManager: Mounting plugin TemplateSequence
LogPluginManager: Mounting plugin OnlineSubsystem
LogPluginManager: Mounting plugin OnlineSubsystemNull
LogPluginManager: Mounting plugin OnlineSubsystemUtils
LogPluginManager: Mounting plugin LauncherChunkInstaller
LogPluginManager: Mounting plugin ActorLayerUtilities
LogPluginManager: Mounting plugin AndroidDeviceProfileSelector
LogPluginManager: Mounting plugin AndroidMoviePlayer
LogPluginManager: Mounting plugin AndroidPermission
LogPluginManager: Mounting plugin AppleImageUtils
LogPluginManager: Mounting plugin AppleMoviePlayer
LogPluginManager: Mounting plugin ArchVisCharacter
LogPluginManager: Mounting plugin AssetTags
LogPluginManager: Mounting plugin AudioCapture
LogPluginManager: Mounting plugin AudioSynesthesia
LogPluginManager: Mounting plugin CableComponent
LogPluginManager: Mounting plugin ChunkDownloader
LogPluginManager: Mounting plugin CustomMeshComponent
LogPluginManager: Mounting plugin EditableMesh
LogPluginManager: Mounting plugin ExampleDeviceProfileSelector
LogPluginManager: Mounting plugin GoogleCloudMessaging
LogPluginManager: Mounting plugin GooglePAD
LogPluginManager: Mounting plugin IOSDeviceProfileSelector
LogPluginManager: Mounting plugin LinuxDeviceProfileSelector
LogPluginManager: Mounting plugin LocationServicesBPLibrary
LogPluginManager: Mounting plugin MobilePatchingUtils
LogPluginManager: Mounting plugin OpenXR
LogPluginManager: Mounting plugin OpenXREyeTracker
LogPluginManager: Mounting plugin OpenXRHandTracking
LogPluginManager: Mounting plugin PhysXVehicles
LogPluginManager: Mounting plugin ProceduralMeshComponent
LogPluginManager: Mounting plugin PostSplashScreen
LogPluginManager: Mounting plugin PropertyAccessEditor
LogPluginManager: Mounting plugin RuntimePhysXCooking
LogPluginManager: Mounting plugin SignificanceManager
LogPluginManager: Mounting plugin SoundFields
LogPluginManager: Mounting plugin Synthesis
LogPluginManager: Mounting plugin WebMMoviePlayer
LogPluginManager: Mounting plugin WindowsMoviePlayer
LogPluginManager: Mounting plugin FunctionalTestingEditor
LogPluginManager: Mounting plugin PythonAutomationTest
LogPluginManager: Mounting plugin ScreenshotTools
LogPluginManager: Mounting plugin Takes
LogPluginManager: Mounting plugin ContentBrowserAssetDataSource
LogPluginManager: Mounting plugin ContentBrowserFileDataSource
LogPluginManager: Mounting plugin ContentBrowserClassDataSource
LogPluginManager: Mounting plugin OnlineSubsystemGooglePlay
LogPluginManager: Mounting plugin OnlineSubsystemIOS
LogPluginManager: Mounting plugin DatabaseSupport
LogPluginManager: Mounting plugin SQLiteSupport
LogPluginManager: Mounting plugin SQLiteCore
LogPluginManager: Mounting plugin OculusVR
LogPluginManager: Mounting plugin SteamVR
PixWinPlugin: PIX capture plugin failed to initialize! Check that the process is launched from PIX.
LogInit: Using libcurl 7.55.1-DEV
LogInit:  - built for x86_64-pc-win32
LogInit:  - supports SSL with OpenSSL/1.1.1
LogInit:  - supports HTTP deflate (compression) using libz 1.2.8
LogInit:  - other features:
LogInit:      CURL_VERSION_SSL
LogInit:      CURL_VERSION_LIBZ
LogInit:      CURL_VERSION_IPV6
LogInit:      CURL_VERSION_ASYNCHDNS
LogInit:      CURL_VERSION_LARGEFILE
LogInit:      CURL_VERSION_IDN
LogInit:  CurlRequestOptions (configurable via config and command line):
LogInit:  - bVerifyPeer = true  - Libcurl will verify peer certificate
LogInit:  - bUseHttpProxy = false  - Libcurl will NOT use HTTP proxy
LogInit:  - bDontReuseConnections = false  - Libcurl will reuse connections
LogInit:  - MaxHostConnections = 16  - Libcurl will limit the number of connections to a host
LogInit:  - LocalHostAddr = Default
LogInit:  - BufferSize = 65536
LogOnline: OSS: Creating online subsystem instance for: NULL
LogInit: WinSock: version 1.1 (2.2), MaxSocks=32767, MaxUdp=65467
LogOnline: OSS: TryLoadSubsystemAndSetDefault: Loaded subsystem for module [NULL]
LogOculusPluginWrapper: OculusPlugin initialized successfully
LogHMD: Failed initializing OVRPlugin 1.59.0
LogInit: Build: ++UE4+Release-4.27-CL-18319896
LogInit: Engine Version: 4.27.2-18319896+++UE4+Release-4.27
LogInit: Compatible Engine Version: 4.27.0-17155196+++UE4+Release-4.27
LogInit: Net CL: 17155196
LogInit: OS: Windows 10 (Release 2009) (), CPU: Intel(R) Core(TM) i7-8700K CPU @ 3.70GHz, GPU: NVIDIA GeForce GTX 1080
LogInit: Compiled (64-bit): Nov 30 2021 07:12:08
LogInit: Compiled with Visual C++: 19.24.28315.00
LogInit: Build Configuration: Development
LogInit: Branch Name: ++UE4+Release-4.27
LogInit: Command Line: 
LogInit: Base Directory: E:/Program Files/Epic Games/UE_4.27/Engine/Binaries/Win64/
LogInit: Allocator: TBB
LogInit: Installed Engine Build: 1
LogDevObjectVersion: Number of dev versions registered: 29
LogDevObjectVersion:   Dev-Blueprints (B0D832E4-1F89-4F0D-ACCF-7EB736FD4AA2): 10
LogDevObjectVersion:   Dev-Build (E1C64328-A22C-4D53-A36C-8E866417BD8C): 0
LogDevObjectVersion:   Dev-Core (375EC13C-06E4-48FB-B500-84F0262A717E): 4
LogDevObjectVersion:   Dev-Editor (E4B068ED-F494-42E9-A231-DA0B2E46BB41): 40
LogDevObjectVersion:   Dev-Framework (CFFC743F-43B0-4480-9391-14DF171D2073): 37
LogDevObjectVersion:   Dev-Mobile (B02B49B5-BB20-44E9-A304-32B752E40360): 3
LogDevObjectVersion:   Dev-Networking (A4E4105C-59A1-49B5-A7C5-40C4547EDFEE): 0
LogDevObjectVersion:   Dev-Online (39C831C9-5AE6-47DC-9A44-9C173E1C8E7C): 0
LogDevObjectVersion:   Dev-Physics (78F01B33-EBEA-4F98-B9B4-84EACCB95AA2): 14
LogDevObjectVersion:   Dev-Platform (6631380F-2D4D-43E0-8009-CF276956A95A): 0
LogDevObjectVersion:   Dev-Rendering (12F88B9F-8875-4AFC-A67C-D90C383ABD29): 45
LogDevObjectVersion:   Dev-Sequencer (7B5AE74C-D270-4C10-A958-57980B212A5A): 13
LogDevObjectVersion:   Dev-VR (D7296918-1DD6-4BDD-9DE2-64A83CC13884): 3
LogDevObjectVersion:   Dev-LoadTimes (C2A15278-BFE7-4AFE-6C17-90FF531DF755): 1
LogDevObjectVersion:   Private-Geometry (6EACA3D4-40EC-4CC1-B786-8BED09428FC5): 3
LogDevObjectVersion:   Dev-AnimPhys (29E575DD-E0A3-4627-9D10-D276232CDCEA): 17
LogDevObjectVersion:   Dev-Anim (AF43A65D-7FD3-4947-9873-3E8ED9C1BB05): 15
LogDevObjectVersion:   Dev-ReflectionCapture (6B266CEC-1EC7-4B8F-A30B-E4D90942FC07): 1
LogDevObjectVersion:   Dev-Automation (0DF73D61-A23F-47EA-B727-89E90C41499A): 1
LogDevObjectVersion:   FortniteMain (601D1886-AC64-4F84-AA16-D3DE0DEAC7D6): 47
LogDevObjectVersion:   FortniteRelease (E7086368-6B23-4C58-8439-1B7016265E91): 1
LogDevObjectVersion:   Dev-Enterprise (9DFFBCD6-494F-0158-E221-12823C92A888): 10
LogDevObjectVersion:   Dev-Niagara (F2AED0AC-9AFE-416F-8664-AA7FFA26D6FC): 1
LogDevObjectVersion:   Dev-Destruction (174F1F0B-B4C6-45A5-B13F-2EE8D0FB917D): 10
LogDevObjectVersion:   Dev-Physics-Ext (35F94A83-E258-406C-A318-09F59610247C): 41
LogDevObjectVersion:   Dev-PhysicsMaterial-Chaos (B68FC16E-8B1B-42E2-B453-215C058844FE): 1
LogDevObjectVersion:   Dev-CineCamera (B2E18506-4273-CFC2-A54E-F4BB758BBA07): 1
LogDevObjectVersion:   Dev-VirtualProduction (64F58936-FD1B-42BA-BA96-7289D5D0FA4E): 1
LogDevObjectVersion:   Dev-MediaFramework (6F0ED827-A609-4895-9C91-998D90180EA4): 2
LogInit: Presizing for max 25165824 objects, including 0 objects not considered by GC, pre-allocating 0 bytes for permanent pool.
LogConfig: Applying CVar settings from Section [/Script/Engine.StreamingSettings] File [E:/github/unreal_code_practice/AGunPythonPractice/Saved/Config/Windows/Engine.ini]
LogConfig: Setting CVar [[s.MinBulkDataSizeForAsyncLoading:131072]]
LogConfig: Setting CVar [[s.AsyncLoadingThreadEnabled:0]]
LogConfig: Setting CVar [[s.EventDrivenLoaderEnabled:1]]
LogConfig: Setting CVar [[s.WarnIfTimeLimitExceeded:0]]
LogConfig: Setting CVar [[s.TimeLimitExceededMultiplier:1.5]]
LogConfig: Setting CVar [[s.TimeLimitExceededMinTime:0.005]]
LogConfig: Setting CVar [[s.UseBackgroundLevelStreaming:1]]
LogConfig: Setting CVar [[s.PriorityAsyncLoadingExtraTime:15.0]]
LogConfig: Setting CVar [[s.LevelStreamingActorsUpdateTimeLimit:5.0]]
LogConfig: Setting CVar [[s.PriorityLevelStreamingActorsUpdateExtraTime:5.0]]
LogConfig: Setting CVar [[s.LevelStreamingComponentsRegistrationGranularity:10]]
LogConfig: Setting CVar [[s.UnregisterComponentsTimeLimit:1.0]]
LogConfig: Setting CVar [[s.LevelStreamingComponentsUnregistrationGranularity:5]]
LogConfig: Setting CVar [[s.FlushStreamingOnExit:1]]
LogInit: Object subsystem initialized
LogConfig: Setting CVar [[con.DebugEarlyDefault:1]]
LogConfig: Setting CVar [[r.setres:1280x720]]
[2022.07.20-10.58.43:155][  0]LogConfig: Setting CVar [[r.VSync:0]]
[2022.07.20-10.58.43:155][  0]LogConfig: Setting CVar [[r.RHICmdBypass:0]]
[2022.07.20-10.58.43:155][  0]LogConfig: Applying CVar settings from Section [/Script/Engine.RendererSettings] File [E:/github/unreal_code_practice/AGunPythonPractice/Saved/Config/Windows/Engine.ini]
[2022.07.20-10.58.43:155][  0]LogConfig: Setting CVar [[r.GPUCrashDebugging:0]]
[2022.07.20-10.58.43:155][  0]LogConfig: Applying CVar settings from Section [/Script/Engine.RendererOverrideSettings] File [E:/github/unreal_code_practice/AGunPythonPractice/Saved/Config/Windows/Engine.ini]
[2022.07.20-10.58.43:155][  0]LogConfig: Applying CVar settings from Section [/Script/Engine.StreamingSettings] File [E:/github/unreal_code_practice/AGunPythonPractice/Saved/Config/Windows/Engine.ini]
[2022.07.20-10.58.43:155][  0]LogConfig: Setting CVar [[s.MinBulkDataSizeForAsyncLoading:131072]]
[2022.07.20-10.58.43:155][  0]LogConfig: Setting CVar [[s.AsyncLoadingThreadEnabled:0]]
[2022.07.20-10.58.43:155][  0]LogConfig: Setting CVar [[s.EventDrivenLoaderEnabled:1]]
[2022.07.20-10.58.43:155][  0]LogConfig: Setting CVar [[s.WarnIfTimeLimitExceeded:0]]
[2022.07.20-10.58.43:155][  0]LogConfig: Setting CVar [[s.TimeLimitExceededMultiplier:1.5]]
[2022.07.20-10.58.43:155][  0]LogConfig: Setting CVar [[s.TimeLimitExceededMinTime:0.005]]
[2022.07.20-10.58.43:155][  0]LogConfig: Setting CVar [[s.UseBackgroundLevelStreaming:1]]
[2022.07.20-10.58.43:155][  0]LogConfig: Setting CVar [[s.PriorityAsyncLoadingExtraTime:15.0]]
[2022.07.20-10.58.43:155][  0]LogConfig: Setting CVar [[s.LevelStreamingActorsUpdateTimeLimit:5.0]]
[2022.07.20-10.58.43:155][  0]LogConfig: Setting CVar [[s.PriorityLevelStreamingActorsUpdateExtraTime:5.0]]
[2022.07.20-10.58.43:155][  0]LogConfig: Setting CVar [[s.LevelStreamingComponentsRegistrationGranularity:10]]
[2022.07.20-10.58.43:155][  0]LogConfig: Setting CVar [[s.UnregisterComponentsTimeLimit:1.0]]
[2022.07.20-10.58.43:155][  0]LogConfig: Setting CVar [[s.LevelStreamingComponentsUnregistrationGranularity:5]]
[2022.07.20-10.58.43:155][  0]LogConfig: Setting CVar [[s.FlushStreamingOnExit:1]]
[2022.07.20-10.58.43:155][  0]LogConfig: Applying CVar settings from Section [/Script/Engine.GarbageCollectionSettings] File [E:/github/unreal_code_practice/AGunPythonPractice/Saved/Config/Windows/Engine.ini]
[2022.07.20-10.58.43:155][  0]LogConfig: Setting CVar [[gc.MaxObjectsNotConsideredByGC:1]]
[2022.07.20-10.58.43:155][  0]LogConfig: Setting CVar [[gc.SizeOfPermanentObjectPool:0]]
[2022.07.20-10.58.43:155][  0]LogConfig: Setting CVar [[gc.FlushStreamingOnGC:0]]
[2022.07.20-10.58.43:155][  0]LogConfig: Setting CVar [[gc.NumRetriesBeforeForcingGC:10]]
[2022.07.20-10.58.43:155][  0]LogConfig: Setting CVar [[gc.AllowParallelGC:1]]
[2022.07.20-10.58.43:155][  0]LogConfig: Setting CVar [[gc.TimeBetweenPurgingPendingKillObjects:61.1]]
[2022.07.20-10.58.43:155][  0]LogConfig: Setting CVar [[gc.MaxObjectsInEditor:25165824]]
[2022.07.20-10.58.43:155][  0]LogConfig: Setting CVar [[gc.IncrementalBeginDestroyEnabled:1]]
[2022.07.20-10.58.43:155][  0]LogConfig: Setting CVar [[gc.CreateGCClusters:1]]
[2022.07.20-10.58.43:155][  0]LogConfig: Setting CVar [[gc.MinGCClusterSize:5]]
[2022.07.20-10.58.43:155][  0]LogConfig: Setting CVar [[gc.ActorClusteringEnabled:0]]
[2022.07.20-10.58.43:155][  0]LogConfig: Setting CVar [[gc.BlueprintClusteringEnabled:0]]
[2022.07.20-10.58.43:155][  0]LogConfig: Setting CVar [[gc.UseDisregardForGCOnDedicatedServers:0]]
[2022.07.20-10.58.43:155][  0]LogConfig: Setting CVar [[gc.MultithreadedDestructionEnabled:1]]
[2022.07.20-10.58.43:155][  0]LogConfig: Applying CVar settings from Section [/Script/Engine.NetworkSettings] File [E:/github/unreal_code_practice/AGunPythonPractice/Saved/Config/Windows/Engine.ini]
[2022.07.20-10.58.43:155][  0]LogConfig: Applying CVar settings from Section [/Script/UnrealEd.CookerSettings] File [E:/github/unreal_code_practice/AGunPythonPractice/Saved/Config/Windows/Engine.ini]
[2022.07.20-10.58.43:186][  0]LogConfig: Applying CVar settings from Section [ViewDistanceQuality@3] File [E:/github/unreal_code_practice/AGunPythonPractice/Saved/Config/Windows/Scalability.ini]
[2022.07.20-10.58.43:186][  0]LogConfig: Setting CVar [[r.SkeletalMeshLODBias:0]]
[2022.07.20-10.58.43:186][  0]LogConfig: Setting CVar [[r.ViewDistanceScale:1.0]]
[2022.07.20-10.58.43:186][  0]LogConfig: Applying CVar settings from Section [AntiAliasingQuality@3] File [E:/github/unreal_code_practice/AGunPythonPractice/Saved/Config/Windows/Scalability.ini]
[2022.07.20-10.58.43:186][  0]LogConfig: Setting CVar [[r.PostProcessAAQuality:4]]
[2022.07.20-10.58.43:186][  0]LogConfig: Applying CVar settings from Section [ShadowQuality@3] File [E:/github/unreal_code_practice/AGunPythonPractice/Saved/Config/Windows/Scalability.ini]
[2022.07.20-10.58.43:186][  0]LogConfig: Setting CVar [[r.LightFunctionQuality:1]]
[2022.07.20-10.58.43:186][  0]LogConfig: Setting CVar [[r.ShadowQuality:5]]
[2022.07.20-10.58.43:186][  0]LogConfig: Setting CVar [[r.Shadow.CSM.MaxCascades:10]]
[2022.07.20-10.58.43:186][  0]LogConfig: Setting CVar [[r.Shadow.MaxResolution:2048]]
[2022.07.20-10.58.43:186][  0]LogConfig: Setting CVar [[r.Shadow.MaxCSMResolution:2048]]
[2022.07.20-10.58.43:186][  0]LogConfig: Setting CVar [[r.Shadow.RadiusThreshold:0.01]]
[2022.07.20-10.58.43:186][  0]LogConfig: Setting CVar [[r.Shadow.DistanceScale:1.0]]
[2022.07.20-10.58.43:186][  0]LogConfig: Setting CVar [[r.Shadow.CSM.TransitionScale:1.0]]
[2022.07.20-10.58.43:186][  0]LogConfig: Setting CVar [[r.Shadow.PreShadowResolutionFactor:1.0]]
[2022.07.20-10.58.43:186][  0]LogConfig: Setting CVar [[r.DistanceFieldShadowing:1]]
[2022.07.20-10.58.43:186][  0]LogConfig: Setting CVar [[r.DistanceFieldAO:1]]
[2022.07.20-10.58.43:186][  0]LogConfig: Setting CVar [[r.AOQuality:2]]
[2022.07.20-10.58.43:186][  0]LogConfig: Setting CVar [[r.VolumetricFog:1]]
[2022.07.20-10.58.43:186][  0]LogConfig: Setting CVar [[r.VolumetricFog.GridPixelSize:8]]
[2022.07.20-10.58.43:186][  0]LogConfig: Setting CVar [[r.VolumetricFog.GridSizeZ:128]]
[2022.07.20-10.58.43:186][  0]LogConfig: Setting CVar [[r.VolumetricFog.HistoryMissSupersampleCount:4]]
[2022.07.20-10.58.43:186][  0]LogConfig: Setting CVar [[r.LightMaxDrawDistanceScale:1]]
[2022.07.20-10.58.43:186][  0]LogConfig: Setting CVar [[r.CapsuleShadows:1]]
[2022.07.20-10.58.43:186][  0]LogConfig: Applying CVar settings from Section [PostProcessQuality@3] File [E:/github/unreal_code_practice/AGunPythonPractice/Saved/Config/Windows/Scalability.ini]
[2022.07.20-10.58.43:186][  0]LogConfig: Setting CVar [[r.MotionBlurQuality:4]]
[2022.07.20-10.58.43:186][  0]LogConfig: Setting CVar [[r.AmbientOcclusionMipLevelFactor:0.4]]
[2022.07.20-10.58.43:186][  0]LogConfig: Setting CVar [[r.AmbientOcclusionMaxQuality:100]]
[2022.07.20-10.58.43:186][  0]LogConfig: Setting CVar [[r.AmbientOcclusionLevels:-1]]
[2022.07.20-10.58.43:186][  0]LogConfig: Setting CVar [[r.AmbientOcclusionRadiusScale:1.0]]
[2022.07.20-10.58.43:186][  0]LogConfig: Setting CVar [[r.DepthOfFieldQuality:2]]
[2022.07.20-10.58.43:186][  0]LogConfig: Setting CVar [[r.RenderTargetPoolMin:400]]
[2022.07.20-10.58.43:186][  0]LogConfig: Setting CVar [[r.LensFlareQuality:2]]
[2022.07.20-10.58.43:186][  0]LogConfig: Setting CVar [[r.SceneColorFringeQuality:1]]
[2022.07.20-10.58.43:186][  0]LogConfig: Setting CVar [[r.EyeAdaptationQuality:2]]
[2022.07.20-10.58.43:186][  0]LogConfig: Setting CVar [[r.BloomQuality:5]]
[2022.07.20-10.58.43:186][  0]LogConfig: Setting CVar [[r.FastBlurThreshold:100]]
[2022.07.20-10.58.43:186][  0]LogConfig: Setting CVar [[r.Upscale.Quality:3]]
[2022.07.20-10.58.43:186][  0]LogConfig: Setting CVar [[r.Tonemapper.GrainQuantization:1]]
[2022.07.20-10.58.43:186][  0]LogConfig: Setting CVar [[r.LightShaftQuality:1]]
[2022.07.20-10.58.43:186][  0]LogConfig: Setting CVar [[r.Filter.SizeScale:1]]
[2022.07.20-10.58.43:186][  0]LogConfig: Setting CVar [[r.Tonemapper.Quality:5]]
[2022.07.20-10.58.43:186][  0]LogConfig: Setting CVar [[r.DOF.Gather.AccumulatorQuality:1        ; higher gathering accumulator quality]]
[2022.07.20-10.58.43:186][  0]LogConfig: Setting CVar [[r.DOF.Gather.PostfilterMethod:1          ; Median3x3 postfilering method]]
[2022.07.20-10.58.43:186][  0]LogConfig: Setting CVar [[r.DOF.Gather.EnableBokehSettings:0       ; no bokeh simulation when gathering]]
[2022.07.20-10.58.43:186][  0]LogConfig: Setting CVar [[r.DOF.Gather.RingCount:4                 ; medium number of samples when gathering]]
[2022.07.20-10.58.43:186][  0]LogConfig: Setting CVar [[r.DOF.Scatter.ForegroundCompositing:1    ; additive foreground scattering]]
[2022.07.20-10.58.43:186][  0]LogConfig: Setting CVar [[r.DOF.Scatter.BackgroundCompositing:2    ; additive background scattering]]
[2022.07.20-10.58.43:186][  0]LogConfig: Setting CVar [[r.DOF.Scatter.EnableBokehSettings:1      ; bokeh simulation when scattering]]
[2022.07.20-10.58.43:186][  0]LogConfig: Setting CVar [[r.DOF.Scatter.MaxSpriteRatio:0.1         ; only a maximum of 10% of scattered bokeh]]
[2022.07.20-10.58.43:186][  0]LogConfig: Setting CVar [[r.DOF.Recombine.Quality:1                ; cheap slight out of focus]]
[2022.07.20-10.58.43:186][  0]LogConfig: Setting CVar [[r.DOF.Recombine.EnableBokehSettings:0    ; no bokeh simulation on slight out of focus]]
[2022.07.20-10.58.43:186][  0]LogConfig: Setting CVar [[r.DOF.TemporalAAQuality:1                ; more stable temporal accumulation]]
[2022.07.20-10.58.43:186][  0]LogConfig: Setting CVar [[r.DOF.Kernel.MaxForegroundRadius:0.025]]
[2022.07.20-10.58.43:186][  0]LogConfig: Setting CVar [[r.DOF.Kernel.MaxBackgroundRadius:0.025]]
[2022.07.20-10.58.43:186][  0]LogConfig: Applying CVar settings from Section [TextureQuality@3] File [E:/github/unreal_code_practice/AGunPythonPractice/Saved/Config/Windows/Scalability.ini]
[2022.07.20-10.58.43:186][  0]LogConfig: Setting CVar [[r.Streaming.MipBias:0]]
[2022.07.20-10.58.43:186][  0]LogConfig: Setting CVar [[r.Streaming.AmortizeCPUToGPUCopy:0]]
[2022.07.20-10.58.43:186][  0]LogConfig: Setting CVar [[r.Streaming.MaxNumTexturesToStreamPerFrame:0]]
[2022.07.20-10.58.43:187][  0]LogConfig: Setting CVar [[r.Streaming.Boost:1]]
[2022.07.20-10.58.43:187][  0]LogConfig: Setting CVar [[r.MaxAnisotropy:8]]
[2022.07.20-10.58.43:187][  0]LogConfig: Setting CVar [[r.VT.MaxAnisotropy:8]]
[2022.07.20-10.58.43:187][  0]LogConfig: Setting CVar [[r.Streaming.LimitPoolSizeToVRAM:0]]
[2022.07.20-10.58.43:187][  0]LogConfig: Setting CVar [[r.Streaming.PoolSize:1000]]
[2022.07.20-10.58.43:187][  0]LogConfig: Setting CVar [[r.Streaming.MaxEffectiveScreenSize:0]]
[2022.07.20-10.58.43:187][  0]LogConfig: Applying CVar settings from Section [EffectsQuality@3] File [E:/github/unreal_code_practice/AGunPythonPractice/Saved/Config/Windows/Scalability.ini]
[2022.07.20-10.58.43:187][  0]LogConfig: Setting CVar [[r.TranslucencyLightingVolumeDim:64]]
[2022.07.20-10.58.43:187][  0]LogConfig: Setting CVar [[r.RefractionQuality:2]]
[2022.07.20-10.58.43:187][  0]LogConfig: Setting CVar [[r.SSR.Quality:3]]
[2022.07.20-10.58.43:187][  0]LogConfig: Setting CVar [[r.SSR.HalfResSceneColor:0]]
[2022.07.20-10.58.43:187][  0]LogConfig: Setting CVar [[r.SceneColorFormat:4]]
[2022.07.20-10.58.43:187][  0]LogConfig: Setting CVar [[r.DetailMode:2]]
[2022.07.20-10.58.43:187][  0]LogConfig: Setting CVar [[r.TranslucencyVolumeBlur:1]]
[2022.07.20-10.58.43:187][  0]LogConfig: Setting CVar [[r.MaterialQualityLevel:1 ; High quality]]
[2022.07.20-10.58.43:187][  0]LogConfig: Setting CVar [[r.AnisotropicMaterials:1]]
[2022.07.20-10.58.43:187][  0]LogConfig: Setting CVar [[r.SSS.Scale:1]]
[2022.07.20-10.58.43:187][  0]LogConfig: Setting CVar [[r.SSS.SampleSet:2]]
[2022.07.20-10.58.43:187][  0]LogConfig: Setting CVar [[r.SSS.Quality:1]]
[2022.07.20-10.58.43:187][  0]LogConfig: Setting CVar [[r.SSS.HalfRes:0]]
[2022.07.20-10.58.43:187][  0]LogConfig: Setting CVar [[r.SSGI.Quality:3]]
[2022.07.20-10.58.43:187][  0]LogConfig: Setting CVar [[r.EmitterSpawnRateScale:1.0]]
[2022.07.20-10.58.43:187][  0]LogConfig: Setting CVar [[r.ParticleLightQuality:2]]
[2022.07.20-10.58.43:187][  0]LogConfig: Setting CVar [[r.SkyAtmosphere.AerialPerspectiveLUT.FastApplyOnOpaque:1 ; Always have FastSkyLUT 1 in this case to avoid wrong sky]]
[2022.07.20-10.58.43:187][  0]LogConfig: Setting CVar [[r.SkyAtmosphere.AerialPerspectiveLUT.SampleCountMaxPerSlice:4]]
[2022.07.20-10.58.43:187][  0]LogConfig: Setting CVar [[r.SkyAtmosphere.AerialPerspectiveLUT.DepthResolution:16.0]]
[2022.07.20-10.58.43:187][  0]LogConfig: Setting CVar [[r.SkyAtmosphere.FastSkyLUT:1]]
[2022.07.20-10.58.43:187][  0]LogConfig: Setting CVar [[r.SkyAtmosphere.FastSkyLUT.SampleCountMin:4.0]]
[2022.07.20-10.58.43:187][  0]LogConfig: Setting CVar [[r.SkyAtmosphere.FastSkyLUT.SampleCountMax:128.0]]
[2022.07.20-10.58.43:187][  0]LogConfig: Setting CVar [[r.SkyAtmosphere.SampleCountMin:4.0]]
[2022.07.20-10.58.43:187][  0]LogConfig: Setting CVar [[r.SkyAtmosphere.SampleCountMax:128.0]]
[2022.07.20-10.58.43:187][  0]LogConfig: Setting CVar [[r.SkyAtmosphere.TransmittanceLUT.UseSmallFormat:0]]
[2022.07.20-10.58.43:187][  0]LogConfig: Setting CVar [[r.SkyAtmosphere.TransmittanceLUT.SampleCount:10.0]]
[2022.07.20-10.58.43:187][  0]LogConfig: Setting CVar [[r.SkyAtmosphere.MultiScatteringLUT.SampleCount:15.0]]
[2022.07.20-10.58.43:187][  0]LogConfig: Setting CVar [[r.SkyLight.RealTimeReflectionCapture:1]]
[2022.07.20-10.58.43:187][  0]LogConfig: Applying CVar settings from Section [FoliageQuality@3] File [E:/github/unreal_code_practice/AGunPythonPractice/Saved/Config/Windows/Scalability.ini]
[2022.07.20-10.58.43:187][  0]LogConfig: Setting CVar [[foliage.DensityScale:1.0]]
[2022.07.20-10.58.43:187][  0]LogConfig: Setting CVar [[grass.DensityScale:1.0]]
[2022.07.20-10.58.43:187][  0]LogConfig: Applying CVar settings from Section [ShadingQuality@3] File [E:/github/unreal_code_practice/AGunPythonPractice/Saved/Config/Windows/Scalability.ini]
[2022.07.20-10.58.43:187][  0]LogConfig: Setting CVar [[r.HairStrands.SkyLighting.IntegrationType:2]]
[2022.07.20-10.58.43:187][  0]LogConfig: Setting CVar [[r.HairStrands.SkyAO.SampleCount:4]]
[2022.07.20-10.58.43:187][  0]LogConfig: Setting CVar [[r.HairStrands.Visibility.MSAA.SamplePerPixel:4]]
[2022.07.20-10.58.43:187][  0]LogInit: Selected Device Profile: [Windows]
[2022.07.20-10.58.43:187][  0]LogInit: Applying CVar settings loaded from the selected device profile: [Windows]
[2022.07.20-10.58.43:187][  0]LogHAL: Display: Platform has ~ 64 GB [68671115264 / 68719476736 / 64], which maps to Largest [LargestMinGB=32, LargerMinGB=12, DefaultMinGB=8, SmallerMinGB=6, SmallestMinGB=0)
[2022.07.20-10.58.43:187][  0]LogInit: Going up to parent DeviceProfile []
[2022.07.20-10.58.43:187][  0]LogConfig: Applying CVar settings from Section [ViewDistanceQuality@3] File [E:/github/unreal_code_practice/AGunPythonPractice/Saved/Config/Windows/Scalability.ini]
[2022.07.20-10.58.43:187][  0]LogConfig: Setting CVar [[r.SkeletalMeshLODBias:0]]
[2022.07.20-10.58.43:187][  0]LogConfig: Setting CVar [[r.ViewDistanceScale:1.0]]
[2022.07.20-10.58.43:187][  0]LogConfig: Applying CVar settings from Section [AntiAliasingQuality@3] File [E:/github/unreal_code_practice/AGunPythonPractice/Saved/Config/Windows/Scalability.ini]
[2022.07.20-10.58.43:187][  0]LogConfig: Setting CVar [[r.PostProcessAAQuality:4]]
[2022.07.20-10.58.43:187][  0]LogConfig: Applying CVar settings from Section [ShadowQuality@3] File [E:/github/unreal_code_practice/AGunPythonPractice/Saved/Config/Windows/Scalability.ini]
[2022.07.20-10.58.43:187][  0]LogConfig: Setting CVar [[r.LightFunctionQuality:1]]
[2022.07.20-10.58.43:187][  0]LogConfig: Setting CVar [[r.ShadowQuality:5]]
[2022.07.20-10.58.43:187][  0]LogConfig: Setting CVar [[r.Shadow.CSM.MaxCascades:10]]
[2022.07.20-10.58.43:187][  0]LogConfig: Setting CVar [[r.Shadow.MaxResolution:2048]]
[2022.07.20-10.58.43:187][  0]LogConfig: Setting CVar [[r.Shadow.MaxCSMResolution:2048]]
[2022.07.20-10.58.43:187][  0]LogConfig: Setting CVar [[r.Shadow.RadiusThreshold:0.01]]
[2022.07.20-10.58.43:187][  0]LogConfig: Setting CVar [[r.Shadow.DistanceScale:1.0]]
[2022.07.20-10.58.43:187][  0]LogConfig: Setting CVar [[r.Shadow.CSM.TransitionScale:1.0]]
[2022.07.20-10.58.43:187][  0]LogConfig: Setting CVar [[r.Shadow.PreShadowResolutionFactor:1.0]]
[2022.07.20-10.58.43:187][  0]LogConfig: Setting CVar [[r.DistanceFieldShadowing:1]]
[2022.07.20-10.58.43:187][  0]LogConfig: Setting CVar [[r.DistanceFieldAO:1]]
[2022.07.20-10.58.43:187][  0]LogConfig: Setting CVar [[r.AOQuality:2]]
[2022.07.20-10.58.43:187][  0]LogConfig: Setting CVar [[r.VolumetricFog:1]]
[2022.07.20-10.58.43:187][  0]LogConfig: Setting CVar [[r.VolumetricFog.GridPixelSize:8]]
[2022.07.20-10.58.43:187][  0]LogConfig: Setting CVar [[r.VolumetricFog.GridSizeZ:128]]
[2022.07.20-10.58.43:187][  0]LogConfig: Setting CVar [[r.VolumetricFog.HistoryMissSupersampleCount:4]]
[2022.07.20-10.58.43:187][  0]LogConfig: Setting CVar [[r.LightMaxDrawDistanceScale:1]]
[2022.07.20-10.58.43:187][  0]LogConfig: Setting CVar [[r.CapsuleShadows:1]]
[2022.07.20-10.58.43:187][  0]LogConfig: Applying CVar settings from Section [PostProcessQuality@3] File [E:/github/unreal_code_practice/AGunPythonPractice/Saved/Config/Windows/Scalability.ini]
[2022.07.20-10.58.43:187][  0]LogConfig: Setting CVar [[r.MotionBlurQuality:4]]
[2022.07.20-10.58.43:187][  0]LogConfig: Setting CVar [[r.AmbientOcclusionMipLevelFactor:0.4]]
[2022.07.20-10.58.43:187][  0]LogConfig: Setting CVar [[r.AmbientOcclusionMaxQuality:100]]
[2022.07.20-10.58.43:187][  0]LogConfig: Setting CVar [[r.AmbientOcclusionLevels:-1]]
[2022.07.20-10.58.43:187][  0]LogConfig: Setting CVar [[r.AmbientOcclusionRadiusScale:1.0]]
[2022.07.20-10.58.43:187][  0]LogConfig: Setting CVar [[r.DepthOfFieldQuality:2]]
[2022.07.20-10.58.43:187][  0]LogConfig: Setting CVar [[r.RenderTargetPoolMin:400]]
[2022.07.20-10.58.43:187][  0]LogConfig: Setting CVar [[r.LensFlareQuality:2]]
[2022.07.20-10.58.43:187][  0]LogConfig: Setting CVar [[r.SceneColorFringeQuality:1]]
[2022.07.20-10.58.43:187][  0]LogConfig: Setting CVar [[r.EyeAdaptationQuality:2]]
[2022.07.20-10.58.43:187][  0]LogConfig: Setting CVar [[r.BloomQuality:5]]
[2022.07.20-10.58.43:187][  0]LogConfig: Setting CVar [[r.FastBlurThreshold:100]]
[2022.07.20-10.58.43:187][  0]LogConfig: Setting CVar [[r.Upscale.Quality:3]]
[2022.07.20-10.58.43:187][  0]LogConfig: Setting CVar [[r.Tonemapper.GrainQuantization:1]]
[2022.07.20-10.58.43:188][  0]LogConfig: Setting CVar [[r.LightShaftQuality:1]]
[2022.07.20-10.58.43:188][  0]LogConfig: Setting CVar [[r.Filter.SizeScale:1]]
[2022.07.20-10.58.43:188][  0]LogConfig: Setting CVar [[r.Tonemapper.Quality:5]]
[2022.07.20-10.58.43:188][  0]LogConfig: Setting CVar [[r.DOF.Gather.AccumulatorQuality:1        ; higher gathering accumulator quality]]
[2022.07.20-10.58.43:188][  0]LogConfig: Setting CVar [[r.DOF.Gather.PostfilterMethod:1          ; Median3x3 postfilering method]]
[2022.07.20-10.58.43:188][  0]LogConfig: Setting CVar [[r.DOF.Gather.EnableBokehSettings:0       ; no bokeh simulation when gathering]]
[2022.07.20-10.58.43:188][  0]LogConfig: Setting CVar [[r.DOF.Gather.RingCount:4                 ; medium number of samples when gathering]]
[2022.07.20-10.58.43:188][  0]LogConfig: Setting CVar [[r.DOF.Scatter.ForegroundCompositing:1    ; additive foreground scattering]]
[2022.07.20-10.58.43:188][  0]LogConfig: Setting CVar [[r.DOF.Scatter.BackgroundCompositing:2    ; additive background scattering]]
[2022.07.20-10.58.43:188][  0]LogConfig: Setting CVar [[r.DOF.Scatter.EnableBokehSettings:1      ; bokeh simulation when scattering]]
[2022.07.20-10.58.43:188][  0]LogConfig: Setting CVar [[r.DOF.Scatter.MaxSpriteRatio:0.1         ; only a maximum of 10% of scattered bokeh]]
[2022.07.20-10.58.43:188][  0]LogConfig: Setting CVar [[r.DOF.Recombine.Quality:1                ; cheap slight out of focus]]
[2022.07.20-10.58.43:188][  0]LogConfig: Setting CVar [[r.DOF.Recombine.EnableBokehSettings:0    ; no bokeh simulation on slight out of focus]]
[2022.07.20-10.58.43:188][  0]LogConfig: Setting CVar [[r.DOF.TemporalAAQuality:1                ; more stable temporal accumulation]]
[2022.07.20-10.58.43:188][  0]LogConfig: Setting CVar [[r.DOF.Kernel.MaxForegroundRadius:0.025]]
[2022.07.20-10.58.43:188][  0]LogConfig: Setting CVar [[r.DOF.Kernel.MaxBackgroundRadius:0.025]]
[2022.07.20-10.58.43:188][  0]LogConfig: Applying CVar settings from Section [TextureQuality@3] File [E:/github/unreal_code_practice/AGunPythonPractice/Saved/Config/Windows/Scalability.ini]
[2022.07.20-10.58.43:188][  0]LogConfig: Setting CVar [[r.Streaming.MipBias:0]]
[2022.07.20-10.58.43:188][  0]LogConfig: Setting CVar [[r.Streaming.AmortizeCPUToGPUCopy:0]]
[2022.07.20-10.58.43:188][  0]LogConfig: Setting CVar [[r.Streaming.MaxNumTexturesToStreamPerFrame:0]]
[2022.07.20-10.58.43:188][  0]LogConfig: Setting CVar [[r.Streaming.Boost:1]]
[2022.07.20-10.58.43:188][  0]LogConfig: Setting CVar [[r.MaxAnisotropy:8]]
[2022.07.20-10.58.43:188][  0]LogConfig: Setting CVar [[r.VT.MaxAnisotropy:8]]
[2022.07.20-10.58.43:188][  0]LogConfig: Setting CVar [[r.Streaming.LimitPoolSizeToVRAM:0]]
[2022.07.20-10.58.43:188][  0]LogConfig: Setting CVar [[r.Streaming.PoolSize:1000]]
[2022.07.20-10.58.43:188][  0]LogConfig: Setting CVar [[r.Streaming.MaxEffectiveScreenSize:0]]
[2022.07.20-10.58.43:188][  0]LogConfig: Applying CVar settings from Section [EffectsQuality@3] File [E:/github/unreal_code_practice/AGunPythonPractice/Saved/Config/Windows/Scalability.ini]
[2022.07.20-10.58.43:188][  0]LogConfig: Setting CVar [[r.TranslucencyLightingVolumeDim:64]]
[2022.07.20-10.58.43:188][  0]LogConfig: Setting CVar [[r.RefractionQuality:2]]
[2022.07.20-10.58.43:188][  0]LogConfig: Setting CVar [[r.SSR.Quality:3]]
[2022.07.20-10.58.43:188][  0]LogConfig: Setting CVar [[r.SSR.HalfResSceneColor:0]]
[2022.07.20-10.58.43:188][  0]LogConfig: Setting CVar [[r.SceneColorFormat:4]]
[2022.07.20-10.58.43:188][  0]LogConfig: Setting CVar [[r.DetailMode:2]]
[2022.07.20-10.58.43:188][  0]LogConfig: Setting CVar [[r.TranslucencyVolumeBlur:1]]
[2022.07.20-10.58.43:188][  0]LogConfig: Setting CVar [[r.MaterialQualityLevel:1 ; High quality]]
[2022.07.20-10.58.43:188][  0]LogConfig: Setting CVar [[r.AnisotropicMaterials:1]]
[2022.07.20-10.58.43:188][  0]LogConfig: Setting CVar [[r.SSS.Scale:1]]
[2022.07.20-10.58.43:188][  0]LogConfig: Setting CVar [[r.SSS.SampleSet:2]]
[2022.07.20-10.58.43:188][  0]LogConfig: Setting CVar [[r.SSS.Quality:1]]
[2022.07.20-10.58.43:188][  0]LogConfig: Setting CVar [[r.SSS.HalfRes:0]]
[2022.07.20-10.58.43:188][  0]LogConfig: Setting CVar [[r.SSGI.Quality:3]]
[2022.07.20-10.58.43:188][  0]LogConfig: Setting CVar [[r.EmitterSpawnRateScale:1.0]]
[2022.07.20-10.58.43:188][  0]LogConfig: Setting CVar [[r.ParticleLightQuality:2]]
[2022.07.20-10.58.43:188][  0]LogConfig: Setting CVar [[r.SkyAtmosphere.AerialPerspectiveLUT.FastApplyOnOpaque:1 ; Always have FastSkyLUT 1 in this case to avoid wrong sky]]
[2022.07.20-10.58.43:188][  0]LogConfig: Setting CVar [[r.SkyAtmosphere.AerialPerspectiveLUT.SampleCountMaxPerSlice:4]]
[2022.07.20-10.58.43:188][  0]LogConfig: Setting CVar [[r.SkyAtmosphere.AerialPerspectiveLUT.DepthResolution:16.0]]
[2022.07.20-10.58.43:188][  0]LogConfig: Setting CVar [[r.SkyAtmosphere.FastSkyLUT:1]]
[2022.07.20-10.58.43:188][  0]LogConfig: Setting CVar [[r.SkyAtmosphere.FastSkyLUT.SampleCountMin:4.0]]
[2022.07.20-10.58.43:188][  0]LogConfig: Setting CVar [[r.SkyAtmosphere.FastSkyLUT.SampleCountMax:128.0]]
[2022.07.20-10.58.43:188][  0]LogConfig: Setting CVar [[r.SkyAtmosphere.SampleCountMin:4.0]]
[2022.07.20-10.58.43:188][  0]LogConfig: Setting CVar [[r.SkyAtmosphere.SampleCountMax:128.0]]
[2022.07.20-10.58.43:188][  0]LogConfig: Setting CVar [[r.SkyAtmosphere.TransmittanceLUT.UseSmallFormat:0]]
[2022.07.20-10.58.43:188][  0]LogConfig: Setting CVar [[r.SkyAtmosphere.TransmittanceLUT.SampleCount:10.0]]
[2022.07.20-10.58.43:188][  0]LogConfig: Setting CVar [[r.SkyAtmosphere.MultiScatteringLUT.SampleCount:15.0]]
[2022.07.20-10.58.43:188][  0]LogConfig: Setting CVar [[r.SkyLight.RealTimeReflectionCapture:1]]
[2022.07.20-10.58.43:188][  0]LogConfig: Applying CVar settings from Section [FoliageQuality@3] File [E:/github/unreal_code_practice/AGunPythonPractice/Saved/Config/Windows/Scalability.ini]
[2022.07.20-10.58.43:188][  0]LogConfig: Setting CVar [[foliage.DensityScale:1.0]]
[2022.07.20-10.58.43:188][  0]LogConfig: Setting CVar [[grass.DensityScale:1.0]]
[2022.07.20-10.58.43:188][  0]LogConfig: Applying CVar settings from Section [ShadingQuality@3] File [E:/github/unreal_code_practice/AGunPythonPractice/Saved/Config/Windows/Scalability.ini]
[2022.07.20-10.58.43:188][  0]LogConfig: Setting CVar [[r.HairStrands.SkyLighting.IntegrationType:2]]
[2022.07.20-10.58.43:188][  0]LogConfig: Setting CVar [[r.HairStrands.SkyAO.SampleCount:4]]
[2022.07.20-10.58.43:188][  0]LogConfig: Setting CVar [[r.HairStrands.Visibility.MSAA.SamplePerPixel:4]]
[2022.07.20-10.58.43:188][  0]LogConfig: Applying CVar settings from Section [Startup] File [../../../Engine/Config/ConsoleVariables.ini]
[2022.07.20-10.58.43:188][  0]LogConfig: Setting CVar [[net.UseAdaptiveNetUpdateFrequency:0]]
[2022.07.20-10.58.43:188][  0]LogConfig: Setting CVar [[p.chaos.AllowCreatePhysxBodies:1]]
[2022.07.20-10.58.43:188][  0]LogConfig: Setting CVar [[fx.SkipVectorVMBackendOptimizations:1]]
[2022.07.20-10.58.43:188][  0]LogConfig: Applying CVar settings from Section [ConsoleVariables] File [E:/github/unreal_code_practice/AGunPythonPractice/Saved/Config/Windows/Engine.ini]
[2022.07.20-10.58.43:188][  0]LogConfig: Applying CVar settings from Section [ConsoleVariables] File [E:/github/unreal_code_practice/AGunPythonPractice/Saved/Config/Windows/Editor.ini]
[2022.07.20-10.58.43:189][  0]LogInit: Computer: BA-103
[2022.07.20-10.58.43:189][  0]LogInit: User: admin
[2022.07.20-10.58.43:189][  0]LogInit: CPU Page size=4096, Cores=6
[2022.07.20-10.58.43:189][  0]LogInit: High frequency timer resolution =10.000000 MHz
[2022.07.20-10.58.43:189][  0]LogMemory: Memory total: Physical=64.0GB (64GB approx)
[2022.07.20-10.58.43:189][  0]LogMemory: Platform Memory Stats for Windows
[2022.07.20-10.58.43:189][  0]LogMemory: Process Physical Memory: 147.12 MB used, 147.13 MB peak
[2022.07.20-10.58.43:189][  0]LogMemory: Process Virtual Memory: 124.09 MB used, 124.09 MB peak
[2022.07.20-10.58.43:189][  0]LogMemory: Physical Memory: 8805.15 MB used,  56684.73 MB free, 65489.88 MB total
[2022.07.20-10.58.43:189][  0]LogMemory: Virtual Memory: 134163608.00 MB used,  54123.66 MB free, 134217728.00 MB total
[2022.07.20-10.58.43:195][  0]LogWindows: WindowsPlatformFeatures enabled
[2022.07.20-10.58.43:245][  0]LogInit: Physics initialised using underlying interface: PhysX
[2022.07.20-10.58.43:245][  0]LogInit: Overriding language with editor language configuration option (en).
[2022.07.20-10.58.43:245][  0]LogInit: Using OS detected locale (zh-CN).
[2022.07.20-10.58.43:441][  0]LogInit: Setting process to per monitor DPI aware
[2022.07.20-10.58.43:450][  0]LogWindowsTextInputMethodSystem: Display: IME system deactivated.
[2022.07.20-10.58.43:468][  0]LogSlate: New Slate User Created.  User Index 0, Is Virtual User: 0
[2022.07.20-10.58.43:468][  0]LogSlate: Slate User Registered.  User Index 0, Is Virtual User: 0
[2022.07.20-10.58.43:577][  0]LogD3D11RHI: Loaded GFSDK_Aftermath_Lib.x64.dll
[2022.07.20-10.58.43:580][  0]LogHMD: Failed to initialize OpenVR with code 110
[2022.07.20-10.58.43:580][  0]LogD3D11RHI: D3D11 min allowed feature level: 11_0
[2022.07.20-10.58.43:580][  0]LogD3D11RHI: D3D11 max allowed feature level: 11_0
[2022.07.20-10.58.43:580][  0]LogD3D11RHI: D3D11 adapters:
[2022.07.20-10.58.43:684][  0]LogD3D11RHI:    0. 'NVIDIA GeForce GTX 1080' (Feature Level 11_0)
[2022.07.20-10.58.43:684][  0]LogD3D11RHI:       8079/0/32744 MB DedicatedVideo/DedicatedSystem/SharedSystem, Outputs:2, VendorId:0x10de
[2022.07.20-10.58.43:686][  0]LogD3D11RHI:    1. 'Microsoft Basic Render Driver' (Feature Level 11_0)
[2022.07.20-10.58.43:686][  0]LogD3D11RHI:       0/0/32744 MB DedicatedVideo/DedicatedSystem/SharedSystem, Outputs:0, VendorId:0x1414
[2022.07.20-10.58.43:686][  0]LogD3D11RHI: Chosen D3D11 Adapter:
[2022.07.20-10.58.43:686][  0]LogD3D11RHI:     Description : NVIDIA GeForce GTX 1080
[2022.07.20-10.58.43:686][  0]LogD3D11RHI:     VendorId    : 10de
[2022.07.20-10.58.43:686][  0]LogD3D11RHI:     DeviceId    : 1b80
[2022.07.20-10.58.43:686][  0]LogD3D11RHI:     SubSysId    : 37171458
[2022.07.20-10.58.43:686][  0]LogD3D11RHI:     Revision    : 00a1
[2022.07.20-10.58.43:686][  0]LogD3D11RHI:     DedicatedVideoMemory : 8471445504 bytes
[2022.07.20-10.58.43:686][  0]LogD3D11RHI:     DedicatedSystemMemory : 0 bytes
[2022.07.20-10.58.43:686][  0]LogD3D11RHI:     SharedSystemMemory : 34335557632 bytes
[2022.07.20-10.58.43:686][  0]LogD3D11RHI:     AdapterLuid : 0 55364
[2022.07.20-10.58.43:693][  0]LogD3D11RHI: Creating new Direct3DDevice
[2022.07.20-10.58.43:693][  0]LogD3D11RHI:     GPU DeviceId: 0x1b80 (for the marketing name, search the web for "GPU Device Id")
[2022.07.20-10.58.43:693][  0]LogWindows: EnumDisplayDevices:
[2022.07.20-10.58.43:693][  0]LogWindows:    0. 'NVIDIA GeForce GTX 1080' (P:0 D:1)
[2022.07.20-10.58.43:693][  0]LogWindows:    1. 'NVIDIA GeForce GTX 1080' (P:1 D:1)
[2022.07.20-10.58.43:694][  0]LogWindows:    2. 'NVIDIA GeForce GTX 1080' (P:0 D:0)
[2022.07.20-10.58.43:694][  0]LogWindows:    3. 'NVIDIA GeForce GTX 1080' (P:0 D:0)
[2022.07.20-10.58.43:694][  0]LogWindows: DebugString: FoundDriverCount:4 
[2022.07.20-10.58.43:694][  0]LogD3D11RHI:     Adapter Name: NVIDIA GeForce GTX 1080
[2022.07.20-10.58.43:694][  0]LogD3D11RHI:   Driver Version: 516.59 (internal:31.0.15.1659, unified:516.59)
[2022.07.20-10.58.43:694][  0]LogD3D11RHI:      Driver Date: 6-23-2022
[2022.07.20-10.58.43:694][  0]LogRHI: Texture pool is 5655 MB (70% of 8079 MB)
[2022.07.20-10.58.43:694][  0]LogD3D11RHI: Creating D3DDevice using adapter:
[2022.07.20-10.58.43:694][  0]LogD3D11RHI:     Description : NVIDIA GeForce GTX 1080
[2022.07.20-10.58.43:694][  0]LogD3D11RHI:     VendorId    : 10de
[2022.07.20-10.58.43:694][  0]LogD3D11RHI:     DeviceId    : 1b80
[2022.07.20-10.58.43:694][  0]LogD3D11RHI:     SubSysId    : 37171458
[2022.07.20-10.58.43:694][  0]LogD3D11RHI:     Revision    : 00a1
[2022.07.20-10.58.43:694][  0]LogD3D11RHI:     DedicatedVideoMemory : 8471445504 bytes
[2022.07.20-10.58.43:694][  0]LogD3D11RHI:     DedicatedSystemMemory : 0 bytes
[2022.07.20-10.58.43:694][  0]LogD3D11RHI:     SharedSystemMemory : 34335557632 bytes
[2022.07.20-10.58.43:694][  0]LogD3D11RHI:     AdapterLuid : 0 55364
[2022.07.20-10.58.43:745][  0]LogD3D11RHI: RHI has support for 64 bit atomics
[2022.07.20-10.58.43:745][  0]LogD3D11RHI: Async texture creation enabled
[2022.07.20-10.58.43:745][  0]LogD3D11RHI: Array index from any shader is supported
[2022.07.20-10.58.43:765][  0]LogD3D11RHI: GPU Timing Frequency: 1000.000000 (Debug: 2 1)
[2022.07.20-10.58.43:805][  0]LogRHI: GeForceNow SDK initialized: 1
[2022.07.20-10.58.44:126][  0]LogTargetPlatformManager: Display: Loaded TargetPlatform 'AllDesktop'
[2022.07.20-10.58.44:147][  0]LogTargetPlatformManager: Display: Loaded TargetPlatform 'Android'
[2022.07.20-10.58.44:147][  0]LogTargetPlatformManager: Display: Loaded TargetPlatform 'Android_ASTC'
[2022.07.20-10.58.44:147][  0]LogTargetPlatformManager: Display: Loaded TargetPlatform 'Android_DXT'
[2022.07.20-10.58.44:147][  0]LogTargetPlatformManager: Display: Loaded TargetPlatform 'Android_ETC2'
[2022.07.20-10.58.44:147][  0]LogTargetPlatformManager: Display: Loaded TargetPlatform 'AndroidClient'
[2022.07.20-10.58.44:147][  0]LogTargetPlatformManager: Display: Loaded TargetPlatform 'Android_ASTCClient'
[2022.07.20-10.58.44:147][  0]LogTargetPlatformManager: Display: Loaded TargetPlatform 'Android_DXTClient'
[2022.07.20-10.58.44:147][  0]LogTargetPlatformManager: Display: Loaded TargetPlatform 'Android_ETC2Client'
[2022.07.20-10.58.44:147][  0]LogTargetPlatformManager: Display: Loaded TargetPlatform 'Android_Multi'
[2022.07.20-10.58.44:147][  0]LogTargetPlatformManager: Display: Loaded TargetPlatform 'Android_MultiClient'
[2022.07.20-10.58.44:168][  0]LogTargetPlatformManager: Display: Loaded TargetPlatform 'IOSClient'
[2022.07.20-10.58.44:168][  0]LogTargetPlatformManager: Display: Loaded TargetPlatform 'IOS'
[2022.07.20-10.58.44:178][  0]LogTargetPlatformManager: Display: Loaded TargetPlatform 'Linux'
[2022.07.20-10.58.44:183][  0]LogTargetPlatformManager: Display: Loaded TargetPlatform 'LinuxNoEditor'
[2022.07.20-10.58.44:188][  0]LogTargetPlatformManager: Display: Loaded TargetPlatform 'LinuxClient'
[2022.07.20-10.58.44:194][  0]LogTargetPlatformManager: Display: Loaded TargetPlatform 'LinuxServer'
[2022.07.20-10.58.44:202][  0]LogTargetPlatformManager: Display: Loaded TargetPlatform 'LinuxAArch64NoEditor'
[2022.07.20-10.58.44:206][  0]LogTargetPlatformManager: Display: Loaded TargetPlatform 'LinuxAArch64Client'
[2022.07.20-10.58.44:210][  0]LogTargetPlatformManager: Display: Loaded TargetPlatform 'LinuxAArch64Server'
[2022.07.20-10.58.44:230][  0]LogTargetPlatformManager: Display: Loaded TargetPlatform 'Lumin'
[2022.07.20-10.58.44:230][  0]LogTargetPlatformManager: Display: Loaded TargetPlatform 'LuminClient'
[2022.07.20-10.58.44:237][  0]LogTargetPlatformManager: Display: Loaded TargetPlatform 'MacNoEditor'
[2022.07.20-10.58.44:241][  0]LogTargetPlatformManager: Display: Loaded TargetPlatform 'Mac'
[2022.07.20-10.58.44:245][  0]LogTargetPlatformManager: Display: Loaded TargetPlatform 'MacClient'
[2022.07.20-10.58.44:249][  0]LogTargetPlatformManager: Display: Loaded TargetPlatform 'MacServer'
[2022.07.20-10.58.44:258][  0]LogTargetPlatformManager: Display: Loaded TargetPlatform 'TVOSClient'
[2022.07.20-10.58.44:258][  0]LogTargetPlatformManager: Display: Loaded TargetPlatform 'TVOS'
[2022.07.20-10.58.44:265][  0]LogTargetPlatformManager: Display: Loaded TargetPlatform 'WindowsNoEditor'
[2022.07.20-10.58.44:270][  0]LogTargetPlatformManager: Display: Loaded TargetPlatform 'Windows'
[2022.07.20-10.58.44:274][  0]LogTargetPlatformManager: Display: Loaded TargetPlatform 'WindowsClient'
[2022.07.20-10.58.44:278][  0]LogTargetPlatformManager: Display: Loaded TargetPlatform 'WindowsServer'
[2022.07.20-10.58.44:278][  0]LogTargetPlatformManager: Display: Building Assets For Windows
[2022.07.20-10.58.44:286][  0]LogAudioDebug: Display: Lib vorbis DLL was dynamically loaded.
[2022.07.20-10.58.44:317][  0]LogTextureFormatOodle: Display: Oodle Texture 2.9.0 init RDO Off
[2022.07.20-10.58.44:346][  0]LogRendererCore: Ray tracing is disabled. Reason: r.RayTracing=0.
[2022.07.20-10.58.44:346][  0]LogShaderCompilers: Guid format shader working directory is -19 characters bigger than the processId version (../../../../../../github/unreal_code_practice/AGunPythonPractice/Intermediate/Shaders/WorkingDirectory/22788/).
[2022.07.20-10.58.44:346][  0]LogShaderCompilers: Cleaned the shader compiler working directory 'C:/Users/admin/AppData/Local/Temp/UnrealShaderWorkingDir/987DA3204450D3AABC69579EDA06E9F0/'.
[2022.07.20-10.58.44:346][  0]LogXGEController: Cannot use XGE Controller as Incredibuild is not installed on this machine.
[2022.07.20-10.58.44:346][  0]LogShaderCompilers: Cannot use XGE Shader Compiler as Incredibuild is not installed on this machine.
[2022.07.20-10.58.44:346][  0]LogShaderCompilers: Display: Using Local Shader Compiler.
[2022.07.20-10.58.45:022][  0]LogDerivedDataCache: Display: Max Cache Size: 512 MB
[2022.07.20-10.58.45:075][  0]LogDerivedDataCache: Loaded boot cache 0.05s 94MB C:/Users/admin/AppData/Local/UnrealEngine/4.27/DerivedDataCache/Boot.ddc.
[2022.07.20-10.58.45:075][  0]LogDerivedDataCache: Display: Loaded Boot cache: C:/Users/admin/AppData/Local/UnrealEngine/4.27/DerivedDataCache/Boot.ddc
[2022.07.20-10.58.45:075][  0]LogDerivedDataCache: FDerivedDataBackendGraph:  Pak pak cache file ../../../../../../github/unreal_code_practice/AGunPythonPractice/DerivedDataCache/DDC.ddp not found, will not use a pak cache.
[2022.07.20-10.58.45:075][  0]LogDerivedDataCache: Unable to find inner node Pak for hierarchical cache Hierarchy.
[2022.07.20-10.58.45:075][  0]LogDerivedDataCache: FDerivedDataBackendGraph:  CompressedPak pak cache file ../../../../../../github/unreal_code_practice/AGunPythonPractice/DerivedDataCache/Compressed.ddp not found, will not use a pak cache.
[2022.07.20-10.58.45:075][  0]LogDerivedDataCache: Unable to find inner node CompressedPak for hierarchical cache Hierarchy.
[2022.07.20-10.58.45:090][  0]LogDerivedDataCache: Display: Pak cache opened for reading ../../../Engine/DerivedDataCache/Compressed.ddp.
[2022.07.20-10.58.45:090][  0]LogDerivedDataCache: FDerivedDataBackendGraph:  EnterprisePak pak cache file ../../../Enterprise/DerivedDataCache/Compressed.ddp not found, will not use a pak cache.
[2022.07.20-10.58.45:090][  0]LogDerivedDataCache: Unable to find inner node EnterprisePak for hierarchical cache Hierarchy.
[2022.07.20-10.58.45:100][  0]LogDerivedDataCache: Speed tests for C:/Users/admin/AppData/Local/UnrealEngine/Common/DerivedDataCache took 0.01 seconds
[2022.07.20-10.58.45:100][  0]LogDerivedDataCache: Display: Performance to C:/Users/admin/AppData/Local/UnrealEngine/Common/DerivedDataCache: Latency=0.01ms. RandomReadSpeed=1082.29MBs, RandomWriteSpeed=101.78MBs. Assigned SpeedClass 'Local'
[2022.07.20-10.58.45:101][  0]LogDerivedDataCache: Using Local data cache path C:/Users/admin/AppData/Local/UnrealEngine/Common/DerivedDataCache: Writable
[2022.07.20-10.58.45:101][  0]LogDerivedDataCache: Shared data cache path not found in *engine.ini, will not use an Shared cache.
[2022.07.20-10.58.45:101][  0]LogDerivedDataCache: Unable to find inner node Shared for hierarchical cache Hierarchy.
[2022.07.20-10.58.45:142][  0]LogSlate: Using FreeType 2.10.0
[2022.07.20-10.58.45:142][  0]LogSlate: SlateFontServices - WITH_FREETYPE: 1, WITH_HARFBUZZ: 1
[2022.07.20-10.58.45:165][  0]LogAssetRegistry: FAssetRegistry took 0.0022 seconds to start up
[2022.07.20-10.58.45:382][  0]LogInit: Selected Device Profile: [Windows]
[2022.07.20-10.58.45:382][  0]LogInit: Active device profile: [000002445A040700][0000024457EF5740 49] Windows
[2022.07.20-10.58.45:382][  0]LogInit: Profiles: [000002445A040700][0000024457EF5740 49] Windows, [000002445A00B700][0000024457EFD8C0 49] WindowsNoEditor, [000002445A043300][0000024457F01A40 49] WindowsServer, [000002445A008F00][0000024457F05BC0 49] WindowsClient, [000002445A043500][000002445900E1C0 49] IOS, [0000024459FFBF00][0000024457F3A340 49] iPadAir, [000002445A00BB00][0000024457F084C0 49] iPadAir2, [0000024459FAC500][0000024457EF8740 49] IPadPro, [0000024459FAC600][0000024459342780 49] iPadAir3, [0000024459FF8100][00000244593468C0 49] iPadAir4, [0000024459FAEC00][000002445684EA00 49] iPadMini2, [0000024459FFA500][0000024456852B40 49] iPadMini3, [0000024459FAF400][000002445685ACC0 49] iPadMini4, [0000024459FF8F00][000002445685EE40 49] iPadMini5, [0000024459F9FE00][0000024456867100 49] iPhone6, [0000024459F9FF00][0000024456863140 49] iPodTouch6, [000002445A043900][000002445686F400 49] iPhone7, [000002445A042100][000002445686B440 49] iPodTouch7, [0000024459F9C400][0000024457C775C0 49] iPhone5S, [0000024459FAFD00][0000024457C7B740 49] iPhone6Plus, [000002445A043400][0000024457C7F8C0 49] iPhone6S, [0000024459FAE000][0000024457C83A40 49] iPhone6SPlus, [000002445A040900][0000024457C87BC0 49] iPhone7Plus, [0000024459FACE00][0000024457C8A1C0 49] iPhoneSE, [000002445A040200][0000024457C8E340 49] iPhone8, [0000024459FAE400][0000024457C924C0 49] iPhone8Plus, [000002445A041E00][0000024457C96640 49] iPhoneX, [0000024459FAFE00][0000024457C9A7C0 49] iPhoneXS, [000002445A041600][0000024457C9E940 49] iPhoneXSMax, [0000024459FAE500][0000024456856A80 49] iPhoneXR, [000002445A042A00][0000024457CA2BC0 49] iPhone11, [0000024459FAFA00][0000024457CA6D00 49] iPhone11Pro, [000002445A040F00][0000024456772E80 49] iPhone11ProMax, [0000024459FAE300][0000024456777000 49] iPhoneSE2, [000002445A042700][000002445677B180 49] iPhone12Mini, [0000024459FAC700][000002445677F300 49] iPhone12, [000002445A043100][0000024456783480 49] iPhone12Pro, [0000024459FAF500][0000024456787600 49] iPhone12ProMax, [000002445A040800][000002445678B780 49] iPadPro105, [0000024459FADC00][000002445678F900 49] iPadPro129, [000002445A040300][0000024456793A80 49] iPadPro97, [0000024459FADD00][0000024456797C00 49] iPadPro2_129, [000002445A040C00][000002445679A200 49] iPad5, [0000024459FAF000][000002445679E380 49] iPad6, [000002445A042C00][00000244567A2500 49] iPad7, [0000024459FAEE00][00000244567A6680 49] iPad8, [000002445A041800][0000024457DDA800 49] iPadPro11, [0000024459FADB00][0000024457DDE980 49] iPadPro2_11, [000002445A041500][0000024457DE2B00 49] iPadPro3_129, [0000024459FAE700][0000024457CAAC40 49] iPadPro4_129, [000002445A040100][0000024457DE6D80 49] AppleTV, [0000024459FAEB00][0000024457DEAEC0 49] AppleTV4K, [000002445A041B00][0000024457DF3040 49] TVOS, [0000024459FAC900][0000024457DF71C0 49] Mac, [000002445A041700][0000024457DFB340 49] MacClient, [0000024459FAEF00][0000024457DFF4C0 49] MacNoEditor, [000002445A040D00][0000024457E03640 49] MacServer, [0000024459FAC300][0000024457E077C0 49] Linux, [000002445A042E00][0000024457E0B940 49] LinuxAArch64, [0000024459FAD500][0000024457E0FAC0 49] LinuxNoEditor, [000002445A042400][0000024457E120C0 49] LinuxAArch64NoEditor, [0000024459FAC200][0000024459012240 49] LinuxClient, [000002445A042D00][00000244590163C0 49] LinuxAArch64Client, [0000024459FACC00][000002445901A540 49] LinuxServer, [000002445A040400][000002445901E6C0 49] LinuxAArch64Server, [0000024459FAD000][0000024459022840 49] Android, [0000024459FFB900][00000244590269C0 49] Android_Low, [0000024459F9DB00][000002445902AB40 49] Android_Mid, [0000024459FFB000][000002445902ECC0 49] Android_High, [0000024459F9E300][0000024457DEEE00 49] Android_Default, [0000024459FFA000][0000024459032F40 49] Android_Adreno4xx, [0000024459F9C100][0000024459037080 49] Android_Adreno5xx_Low, [0000024459FF8B00][000002445903B1C0 49] Android_Adreno5xx, [0000024459F9D800][0000024459043340 49] Android_Adreno6xx, [0000024459FF9100][00000244590474C0 49] Android_Adreno6xx_Vulkan, [0000024459F9C800][000002445904B640 49] Android_Mali_T6xx, [0000024459FFB600][000002445904F7C0 49] Android_Mali_T7xx, [0000024459F9CD00][0000024456ADB940 49] Android_Mali_T8xx, [0000024459FFBC00][0000024456ADFAC0 49] Android_Mali_G71, [0000024459F9D500][0000024456AE20C0 49] Android_Mali_G72, [0000024459FFBE00][0000024456AE6240 49] Android_Mali_G72_Vulkan, [0000024459F9FD00][0000024456AEA3C0 49] Android_Mali_G76, [0000024459FFBA00][0000024456AEE540 49] Android_Mali_G76_Vulkan, [0000024459F9F600][0000024456AF26C0 49] Android_Mali_G77, [0000024459FFA200][0000024456AF6840 49] Android_Mali_G77_Vulkan, [0000024459F9D200][0000024456AFA9C0 49] Android_Mali_G78, [0000024459FF8A00][0000024456AFEB40 49] Android_Mali_G78_Vulkan, [0000024459F9F000][0000024456B02CC0 49] Android_Mali_G710, [0000024459FF9400][0000024456B06E40 49] Android_Mali_G710_Vulkan, [0000024459F9C700][000002445903EF80 49] Android_Vulkan_SM5, [0000024459FF9800][0000024456B0B0C0 49] Android_PowerVR_G6xxx, [0000024459F9CE00][0000024456B0F200 49] Android_PowerVR_GT7xxx, [0000024459FF8200][0000024456B13340 49] Android_PowerVR_GE8xxx, [0000024459F9C600][0000024456B1B4C0 49] Android_PowerVR_GM9xxx, [0000024459FFA600][0000024456B1F640 49] Android_PowerVR_GM9xxx_Vulkan, [0000024459FACF00][00000244569E37C0 49] Android_TegraK1, [0000024459FFAA00][00000244569E7940 49] Android_Unknown_Vulkan, [0000024459FACD00][00000244569EBAC0 49] Lumin, [0000024459FF9200][00000244569EE0C0 49] Lumin_Desktop, [0000024459FACB00][00000244569F2240 49] HoloLens, 
[2022.07.20-10.58.45:496][  0]LogMeshReduction: Using QuadricMeshReduction for automatic static mesh reduction
[2022.07.20-10.58.45:496][  0]LogMeshReduction: Using SimplygonMeshReduction for automatic skeletal mesh reduction
[2022.07.20-10.58.45:496][  0]LogMeshReduction: Using ProxyLODMeshReduction for automatic mesh merging
[2022.07.20-10.58.45:496][  0]LogMeshReduction: No distributed automatic mesh merging module available
[2022.07.20-10.58.45:496][  0]LogMeshMerging: No distributed automatic mesh merging module available
[2022.07.20-10.58.45:513][  0]LogNetVersion: AGunPythonPractice 1.0.0, NetCL: 17155196, EngineNetVer: 17, GameNetVer: 0 (Checksum: 1430212477)
[2022.07.20-10.58.45:852][  0]LogTexture: Default maximum texture size for cubemaps generated from long-lat sources has been changed from 512 to unlimited. In order to preserve old behaiour for '/Engine/MapTemplates/Sky/DaylightAmbientCubemap.DaylightAmbientCubemap', its maximum texture size has been explicitly set to 512.
[2022.07.20-10.58.45:898][  0]LogHMD: PokeAHoleMaterial loaded successfully
[2022.07.20-10.58.45:904][  0]LogUObjectArray: 17178 objects as part of root set at end of initial load.
[2022.07.20-10.58.45:904][  0]LogUObjectAllocator: 4302048 out of 0 bytes used by permanent object pool.
[2022.07.20-10.58.45:904][  0]LogUObjectArray: CloseDisregardForGC: 0/0 objects in disregard for GC pool
[2022.07.20-10.58.46:057][  0]LogNiagaraDebuggerClient: Niagara Debugger Client Initialized | Session: 2DC5AEB544BECE84D6EC6DB985C436A0 | Instance: 81951D6042C0C7BE30B5C897985292DE (BA-103-22788).
[2022.07.20-10.58.46:283][  0]LogPython: Using Python 3.7.7
[2022.07.20-10.58.46:759][  0]LogPython: Warning: sys:1: DeprecationWarning: the imp module is deprecated in favour of importlib; see the module's documentation for alternative uses

[2022.07.20-10.58.46:774][  0]LogTcpMessaging: Initializing TcpMessaging bridge
[2022.07.20-10.58.46:779][  0]LogUdpMessaging: Initializing bridge on interface 0.0.0.0:0 to multicast group 230.0.0.1:6666.
[2022.07.20-10.58.46:930][  0]SourceControl: Source control is disabled
[2022.07.20-10.58.46:930][  0]SourceControl: Source control is disabled
[2022.07.20-10.58.46:933][  0]SourceControl: Source control is disabled
[2022.07.20-10.58.46:936][  0]SourceControl: Source control is disabled
[2022.07.20-10.58.46:945][  0]SourceControl: Source control is disabled
[2022.07.20-10.58.46:951][  0]LogUProjectInfo: Found projects:
[2022.07.20-10.58.47:172][  0]LogOpenImageDenoise: OIDN starting up
[2022.07.20-10.58.47:220][  0]LogAndroidPermission: UAndroidPermissionCallbackProxy::GetInstance
[2022.07.20-10.58.47:239][  0]LogAudioCaptureCore: Display: No Audio Capture implementations found. Audio input will be silent.
[2022.07.20-10.58.47:239][  0]LogAudioCaptureCore: Display: No Audio Capture implementations found. Audio input will be silent.
[2022.07.20-10.58.47:349][  0]LogCollectionManager: Loaded 0 collections in 0.000521 seconds
[2022.07.20-10.58.47:373][  0]LogFileCache: Scanning file cache for directory 'E:/github/unreal_code_practice/AGunPythonPractice/Saved/Collections/' took 0.00s
[2022.07.20-10.58.47:373][  0]LogFileCache: Scanning file cache for directory 'E:/github/unreal_code_practice/AGunPythonPractice/Content/Developers/admin/Collections/' took 0.00s
[2022.07.20-10.58.47:373][  0]LogFileCache: Scanning file cache for directory 'E:/github/unreal_code_practice/AGunPythonPractice/Content/Collections/' took 0.00s
[2022.07.20-10.58.47:373][  0]LogOcInput: OculusInput pre-init called
[2022.07.20-10.58.47:928][  0]LogClass: Display: FloatProperty FDetectedFeature::Confidence is not initialized properly. Module:AppleVision File:Public/AppleVisionTypes.h
[2022.07.20-10.58.47:928][  0]LogClass: Display: StructProperty FDetectedFace::BoundingBox is not initialized properly. Module:AppleVision File:Public/AppleVisionTypes.h
[2022.07.20-10.58.47:928][  0]LogClass: Display: EnumProperty FDetectedFaceFeatureRegion::FeatureType is not initialized properly. Module:AppleVision File:Public/AppleVisionTypes.h
[2022.07.20-10.58.47:928][  0]LogClass: Display: StructProperty FDetectedFeature2D::BoundingBox is not initialized properly. Module:AppleVision File:Public/AppleVisionTypes.h
[2022.07.20-10.58.47:928][  0]LogClass: Display: EnumProperty FDetectedFaceFeature2D::FeatureType is not initialized properly. Module:AppleVision File:Public/AppleVisionTypes.h
[2022.07.20-10.58.47:928][  0]LogClass: Display: Int8Property FMTSJson::version is not initialized properly. Module:MegascansPlugin File:Private/Utilities/MTSReader.h
[2022.07.20-10.58.47:928][  0]LogClass: Display: Int16Property FMTSJson::resolutionValue is not initialized properly. Module:MegascansPlugin File:Private/Utilities/MTSReader.h
[2022.07.20-10.58.47:928][  0]LogClass: Display: BoolProperty FMTSJson::isExternal is not initialized properly. Module:MegascansPlugin File:Private/Utilities/MTSReader.h
[2022.07.20-10.58.47:928][  0]LogClass: Display: Int8Property FMTSJson::meshVersion is not initialized properly. Module:MegascansPlugin File:Private/Utilities/MTSReader.h
[2022.07.20-10.58.47:928][  0]LogClass: Display: BoolProperty FMTSJson::isCustom is not initialized properly. Module:MegascansPlugin File:Private/Utilities/MTSReader.h
[2022.07.20-10.58.47:928][  0]LogClass: Display: BoolProperty FMTSJson::isModularAsset is not initialized properly. Module:MegascansPlugin File:Private/Utilities/MTSReader.h
[2022.07.20-10.58.47:928][  0]LogClass: Display: Int8Property FLodList::variation is not initialized properly. Module:MegascansPlugin File:Private/Utilities/MTSReader.h
[2022.07.20-10.58.47:928][  0]LogClass: Display: Int16Property FMeshList::resolution is not initialized properly. Module:MegascansPlugin File:Private/Utilities/MTSReader.h
[2022.07.20-10.58.47:928][  0]LogClass: Display: Int16Property FComponents::resolution is not initialized properly. Module:MegascansPlugin File:Private/Utilities/MTSReader.h
[2022.07.20-10.58.47:928][  0]LogClass: Display: BoolProperty FTextureSets::isUdim is not initialized properly. Module:MegascansPlugin File:Private/Utilities/MTSReader.h
[2022.07.20-10.58.47:928][  0]LogClass: Display: BoolProperty FMeta::value is not initialized properly. Module:MegascansPlugin File:Private/Utilities/MTSReader.h
[2022.07.20-10.58.47:928][  0]LogClass: Display: 16 Uninitialized script struct members found including 0 object properties
[2022.07.20-10.58.47:929][  0]LogEngine: Initializing Engine...
[2022.07.20-10.58.47:932][  0]LogHMD: Failed to enumerate extensions. Please check that you have a valid OpenXR runtime installed.
[2022.07.20-10.58.47:932][  0]LogHMD: Failed to initialize OpenVR with code 110
[2022.07.20-10.58.47:932][  0]LogMagicLeap: Warning: VR disabled because ZI is not enabled.  To enable, in the editor, Edit -> Project Settings -> Plugins -> Magic Leap Plugin -> Enable Zero Iteration
[2022.07.20-10.58.47:932][  0]LogStats: UGameplayTagsManager::InitializeManager -  0.000 s
[2022.07.20-10.58.48:053][  0]LogInit: Initializing FReadOnlyCVARCache
[2022.07.20-10.58.48:060][  0]LogAIModule: Creating AISystem for world Untitled
[2022.07.20-10.58.48:061][  0]LogAudio: Display: Initializing Audio Device Manager...
[2022.07.20-10.58.48:064][  0]LogAudio: Display: Loading Default Audio Settings Objects...
[2022.07.20-10.58.48:064][  0]LogAudio: Display: No default SoundConcurrencyObject specified (or failed to load).
[2022.07.20-10.58.48:064][  0]LogAudio: Display: Audio Device Manager Initialized
[2022.07.20-10.58.48:064][  0]LogAudio: Display: Creating Audio Device:                 Id: 1, Scope: Shared, Realtime: True
[2022.07.20-10.58.48:064][  0]LogAudioMixer: Display: Audio Mixer Platform Settings:
[2022.07.20-10.58.48:064][  0]LogAudioMixer: Display: 	Sample Rate:						  48000
[2022.07.20-10.58.48:065][  0]LogAudioMixer: Display: 	Callback Buffer Frame Size Requested: 1024
[2022.07.20-10.58.48:065][  0]LogAudioMixer: Display: 	Callback Buffer Frame Size To Use:	  1024
[2022.07.20-10.58.48:065][  0]LogAudioMixer: Display: 	Number of buffers to queue:			  2
[2022.07.20-10.58.48:065][  0]LogAudioMixer: Display: 	Max Channels (voices):				  32
[2022.07.20-10.58.48:065][  0]LogAudioMixer: Display: 	Number of Async Source Workers:		  0
[2022.07.20-10.58.48:065][  0]LogAudio: Display: AudioDevice MaxSources: 32
[2022.07.20-10.58.48:065][  0]LogAudio: Display: Audio Spatialization Plugin: None (built-in).
[2022.07.20-10.58.48:065][  0]LogAudio: Display: Audio Reverb Plugin: None (built-in).
[2022.07.20-10.58.48:065][  0]LogAudio: Display: Audio Occlusion Plugin: None (built-in).
[2022.07.20-10.58.48:065][  0]LogAudioMixer: Display: Initializing audio mixer.
[2022.07.20-10.58.48:078][  0]LogAudioMixer: Display: 0: FrontLeft
[2022.07.20-10.58.48:078][  0]LogAudioMixer: Display: 1: FrontRight
[2022.07.20-10.58.48:109][  0]LogAudioMixer: Display: Using Audio Device 扬声器 (Realtek(R) Audio)
[2022.07.20-10.58.48:111][  0]LogAudioMixer: Display: Initializing Sound Submixes...
[2022.07.20-10.58.48:113][  0]LogAudioMixer: Display: Creating Master Submix 'MasterSubmixDefault'
[2022.07.20-10.58.48:113][  0]LogAudioMixer: Display: Creating Master Submix 'MasterReverbSubmixDefault'
[2022.07.20-10.58.48:113][  0]LogAudioMixer: Display: Creating Master Submix 'MasterEQSubmixDefault'
[2022.07.20-10.58.48:113][  0]LogAudioMixer: FMixerPlatformXAudio2::StartAudioStream() called
[2022.07.20-10.58.48:113][  0]LogAudioMixer: Display: Output buffers initialized: Frames=1024, Channels=2, Samples=2048
[2022.07.20-10.58.48:114][  0]LogAudioMixer: Display: Starting AudioMixerPlatformInterface::RunInternal()
[2022.07.20-10.58.48:114][  0]LogAudioMixer: Display: FMixerPlatformXAudio2::SubmitBuffer() called for the first time
[2022.07.20-10.58.48:114][  0]LogInit: FAudioDevice initialized.
[2022.07.20-10.58.48:114][  0]LogAudio: Display: Audio Device (ID: 1) registered with world 'Untitled'.
[2022.07.20-10.58.48:115][  0]LogNetVersion: Set ProjectVersion to 1.0.0.0. Version Checksum will be recalculated on next use.
[2022.07.20-10.58.48:165][  0]LogDerivedDataCache: Saved boot cache 0.05s 94MB C:/Users/admin/AppData/Local/UnrealEngine/4.27/DerivedDataCache/Boot.ddc.
[2022.07.20-10.58.48:166][  0]LogInit: Texture streaming: Enabled
[2022.07.20-10.58.48:177][  0]LogAnalytics: Display: [UEEditor.Rocket.Release] APIServer = https://datarouter.ol.epicgames.com/. AppVersion = 4.27.2-18319896+++UE4+Release-4.27
[2022.07.20-10.58.48:183][  0]LogEngineSessionManager: EngineSessionManager initialized
[2022.07.20-10.58.48:183][  0]LogEditorSessionSummary: Verbose: Initializing EditorSessionSummaryWriter for editor session tracking
[2022.07.20-10.58.48:185][  0]LogEditorSessionSummary: EditorSessionSummaryWriter initialized
[2022.07.20-10.58.48:209][  0]LogInit: Transaction tracking system initialized
[2022.07.20-10.58.48:226][  0]BlueprintLog: New page: Editor Load
[2022.07.20-10.58.48:276][  0]LocalizationService: Localization service is disabled
[2022.07.20-10.58.48:296][  0]TimingProfiler: Initialize
[2022.07.20-10.58.48:296][  0]TimingProfiler: OnSessionChanged
[2022.07.20-10.58.48:296][  0]LoadingProfiler: Initialize
[2022.07.20-10.58.48:296][  0]LoadingProfiler: OnSessionChanged
[2022.07.20-10.58.48:296][  0]NetworkingProfiler: Initialize
[2022.07.20-10.58.48:296][  0]NetworkingProfiler: OnSessionChanged
[2022.07.20-10.58.48:296][  0]MemoryProfiler: Initialize
[2022.07.20-10.58.48:296][  0]MemoryProfiler: OnSessionChanged
[2022.07.20-10.58.48:410][  0]LogCook: Display: CookSettings for Memory: MemoryMaxUsedVirtual 0MiB, MemoryMaxUsedPhysical 16384MiB, MemoryMinFreeVirtual 0MiB, MemoryMinFreePhysical 1024MiB
[2022.07.20-10.58.48:410][  0]LogCook: Display: Mobile HDR setting 1
[2022.07.20-10.58.48:587][  0]LogFileCache: Scanning file cache for directory 'E:/github/unreal_code_practice/AGunPythonPractice/Content/' took 0.02s
[2022.07.20-10.58.48:756][  0]LogInit: Display: Engine is initialized. Leaving FEngineLoop::Init()
[2022.07.20-10.58.48:759][  0]SourceControl: Source control is disabled
[2022.07.20-10.58.48:759][  0]LogUnrealEdMisc: Loading editor; pre map load, took 6.642
[2022.07.20-10.58.48:759][  0]Cmd: MAP LOAD FILE="../../../Engine/Content/Maps/Templates/Template_Default.umap" TEMPLATE=1 SHOWPROGRESS=1 FEATURELEVEL=3
[2022.07.20-10.58.48:760][  0]LightingResults: New page: Lighting Build
[2022.07.20-10.58.48:761][  0]LogWorld: UWorld::CleanupWorld for Untitled, bSessionEnded=true, bCleanupResources=true
[2022.07.20-10.58.48:761][  0]LogSlate: InvalidateAllWidgets triggered.  All widgets were invalidated
[2022.07.20-10.58.48:761][  0]MapCheck: New page: Map Check
[2022.07.20-10.58.48:761][  0]LightingResults: New page: Lighting Build
[2022.07.20-10.58.48:765][  0]LogAudio: Display: Audio Device unregistered from world 'None'.
[2022.07.20-10.58.48:767][  0]LogUObjectHash: Compacting FUObjectHashTables data took   0.68ms
[2022.07.20-10.58.48:810][  0]LogTexture: Display: Building textures: DeprecatedTextureEB9CBE3C423008B5E8E130901E171C89 (BGRA8, 128X128)
[2022.07.20-10.58.48:816][  0]LogAudio: Display: Audio Device (ID: 1) registered with world 'Untitled_1'.
[2022.07.20-10.58.48:816][  0]LogAIModule: Creating AISystem for world Untitled_1
[2022.07.20-10.58.48:818][  0]LogEditorServer: Finished looking for orphan Actors (0.000 secs)
[2022.07.20-10.58.48:824][  0]LogUObjectHash: Compacting FUObjectHashTables data took   0.70ms
[2022.07.20-10.58.48:824][  0]Cmd: MAP CHECKDEP NOCLEARLOG
[2022.07.20-10.58.48:824][  0]MapCheck: Map check complete: 0 Error(s), 0 Warning(s), took 0.092ms to complete.
[2022.07.20-10.58.48:824][  0]LogFileHelpers: Loading map 'Template_Default' took 0.066
[2022.07.20-10.58.48:826][  0]LogUnrealEdMisc: Total Editor Startup Time, took 6.710
[2022.07.20-10.58.48:964][  0]LogSlate: Updating window title bar state: overlay mode, drag disabled, window buttons hidden, title bar hidden
[2022.07.20-10.58.48:970][  0]LogSlate: Updating window title bar state: overlay mode, drag disabled, window buttons hidden, title bar hidden
[2022.07.20-10.58.48:975][  0]LogSlate: Updating window title bar state: overlay mode, drag disabled, window buttons hidden, title bar hidden
[2022.07.20-10.58.48:981][  0]LogSlate: Updating window title bar state: overlay mode, drag disabled, window buttons hidden, title bar hidden
[2022.07.20-10.58.48:996][  0]LogNativeClassHierarchy: Verbose: Native class hierarchy populated in 0.0082 seconds. Added 3878 classes and 962 folders.
[2022.07.20-10.58.48:998][  0]LogNativeClassHierarchy: Verbose: Native class hierarchy updated for 'WidgetCarousel' in 0.0002 seconds. Added 0 classes and 0 folders.
[2022.07.20-10.58.48:999][  0]LogPakFile: PakFile PrimaryIndexSize=187
[2022.07.20-10.58.48:999][  0]LogPakFile: PakFile PathHashIndexSize=101
[2022.07.20-10.58.48:999][  0]LogPakFile: PakFile FullDirectoryIndexSize=148
[2022.07.20-10.58.48:999][  0]LogShaderLibrary: Display: ShaderCodeLibraryPakFileMountedCallback: PakFile 'E:/Program Files/Epic Games/UE_4.27/FeaturePacks/FP_FirstPerson.upack' (chunk index -1, root 'root:/') mounted
[2022.07.20-10.58.48:999][  0]LogShaderLibrary: Display: ShaderCodeLibraryPakFileMountedCallback: pending pak file info (ChunkID:-1 Root:root:/ File:E:/Program Files/Epic Games/UE_4.27/FeaturePacks/FP_FirstPerson.upack)
[2022.07.20-10.58.48:999][  0]LogPakFile: OnPakFileMounted2Time == 0.000049
[2022.07.20-10.58.48:999][  0]LogPakFile: PakFile PrimaryIndexSize=189
[2022.07.20-10.58.48:999][  0]LogPakFile: PakFile PathHashIndexSize=101
[2022.07.20-10.58.48:999][  0]LogPakFile: PakFile FullDirectoryIndexSize=152
[2022.07.20-10.58.48:999][  0]LogShaderLibrary: Display: ShaderCodeLibraryPakFileMountedCallback: PakFile 'E:/Program Files/Epic Games/UE_4.27/FeaturePacks/FP_FirstPersonBP.upack' (chunk index -1, root 'root:/') mounted
[2022.07.20-10.58.48:999][  0]LogShaderLibrary: Display: ShaderCodeLibraryPakFileMountedCallback: pending pak file info (ChunkID:-1 Root:root:/ File:E:/Program Files/Epic Games/UE_4.27/FeaturePacks/FP_FirstPersonBP.upack)
[2022.07.20-10.58.48:999][  0]LogPakFile: OnPakFileMounted2Time == 0.000036
[2022.07.20-10.58.49:000][  0]LogPakFile: PakFile PrimaryIndexSize=191
[2022.07.20-10.58.49:000][  0]LogPakFile: PakFile PathHashIndexSize=101
[2022.07.20-10.58.49:000][  0]LogPakFile: PakFile FullDirectoryIndexSize=160
[2022.07.20-10.58.49:000][  0]LogShaderLibrary: Display: ShaderCodeLibraryPakFileMountedCallback: PakFile 'E:/Program Files/Epic Games/UE_4.27/FeaturePacks/MobileStarterContent.upack' (chunk index -1, root 'root:/') mounted
[2022.07.20-10.58.49:000][  0]LogShaderLibrary: Display: ShaderCodeLibraryPakFileMountedCallback: pending pak file info (ChunkID:-1 Root:root:/ File:E:/Program Files/Epic Games/UE_4.27/FeaturePacks/MobileStarterContent.upack)
[2022.07.20-10.58.49:000][  0]LogPakFile: OnPakFileMounted2Time == 0.000032
[2022.07.20-10.58.49:000][  0]LogPakFile: PakFile PrimaryIndexSize=185
[2022.07.20-10.58.49:000][  0]LogPakFile: PakFile PathHashIndexSize=101
[2022.07.20-10.58.49:000][  0]LogPakFile: PakFile FullDirectoryIndexSize=148
[2022.07.20-10.58.49:000][  0]LogShaderLibrary: Display: ShaderCodeLibraryPakFileMountedCallback: PakFile 'E:/Program Files/Epic Games/UE_4.27/FeaturePacks/StarterContent.upack' (chunk index -1, root 'root:/') mounted
[2022.07.20-10.58.49:000][  0]LogShaderLibrary: Display: ShaderCodeLibraryPakFileMountedCallback: pending pak file info (ChunkID:-1 Root:root:/ File:E:/Program Files/Epic Games/UE_4.27/FeaturePacks/StarterContent.upack)
[2022.07.20-10.58.49:000][  0]LogPakFile: OnPakFileMounted2Time == 0.000034
[2022.07.20-10.58.49:001][  0]LogPakFile: PakFile PrimaryIndexSize=190
[2022.07.20-10.58.49:001][  0]LogPakFile: PakFile PathHashIndexSize=101
[2022.07.20-10.58.49:001][  0]LogPakFile: PakFile FullDirectoryIndexSize=154
[2022.07.20-10.58.49:001][  0]LogShaderLibrary: Display: ShaderCodeLibraryPakFileMountedCallback: PakFile 'E:/Program Files/Epic Games/UE_4.27/FeaturePacks/TP_2DSideScroller.upack' (chunk index -1, root 'root:/') mounted
[2022.07.20-10.58.49:001][  0]LogShaderLibrary: Display: ShaderCodeLibraryPakFileMountedCallback: pending pak file info (ChunkID:-1 Root:root:/ File:E:/Program Files/Epic Games/UE_4.27/FeaturePacks/TP_2DSideScroller.upack)
[2022.07.20-10.58.49:001][  0]LogPakFile: OnPakFileMounted2Time == 0.000035
[2022.07.20-10.58.49:001][  0]LogPakFile: PakFile PrimaryIndexSize=192
[2022.07.20-10.58.49:001][  0]LogPakFile: PakFile PathHashIndexSize=101
[2022.07.20-10.58.49:001][  0]LogPakFile: PakFile FullDirectoryIndexSize=158
[2022.07.20-10.58.49:001][  0]LogShaderLibrary: Display: ShaderCodeLibraryPakFileMountedCallback: PakFile 'E:/Program Files/Epic Games/UE_4.27/FeaturePacks/TP_2DSideScrollerBP.upack' (chunk index -1, root 'root:/') mounted
[2022.07.20-10.58.49:001][  0]LogShaderLibrary: Display: ShaderCodeLibraryPakFileMountedCallback: pending pak file info (ChunkID:-1 Root:root:/ File:E:/Program Files/Epic Games/UE_4.27/FeaturePacks/TP_2DSideScrollerBP.upack)
[2022.07.20-10.58.49:001][  0]LogPakFile: OnPakFileMounted2Time == 0.000030
[2022.07.20-10.58.49:001][  0]LogPakFile: PakFile PrimaryIndexSize=182
[2022.07.20-10.58.49:001][  0]LogPakFile: PakFile PathHashIndexSize=101
[2022.07.20-10.58.49:001][  0]LogPakFile: PakFile FullDirectoryIndexSize=138
[2022.07.20-10.58.49:001][  0]LogShaderLibrary: Display: ShaderCodeLibraryPakFileMountedCallback: PakFile 'E:/Program Files/Epic Games/UE_4.27/FeaturePacks/TP_Flying.upack' (chunk index -1, root 'root:/') mounted
[2022.07.20-10.58.49:002][  0]LogShaderLibrary: Display: ShaderCodeLibraryPakFileMountedCallback: pending pak file info (ChunkID:-1 Root:root:/ File:E:/Program Files/Epic Games/UE_4.27/FeaturePacks/TP_Flying.upack)
[2022.07.20-10.58.49:002][  0]LogPakFile: OnPakFileMounted2Time == 0.000052
[2022.07.20-10.58.49:002][  0]LogPakFile: PakFile PrimaryIndexSize=184
[2022.07.20-10.58.49:002][  0]LogPakFile: PakFile PathHashIndexSize=101
[2022.07.20-10.58.49:002][  0]LogPakFile: PakFile FullDirectoryIndexSize=142
[2022.07.20-10.58.49:002][  0]LogShaderLibrary: Display: ShaderCodeLibraryPakFileMountedCallback: PakFile 'E:/Program Files/Epic Games/UE_4.27/FeaturePacks/TP_FlyingBP.upack' (chunk index -1, root 'root:/') mounted
[2022.07.20-10.58.49:002][  0]LogShaderLibrary: Display: ShaderCodeLibraryPakFileMountedCallback: pending pak file info (ChunkID:-1 Root:root:/ File:E:/Program Files/Epic Games/UE_4.27/FeaturePacks/TP_FlyingBP.upack)
[2022.07.20-10.58.49:002][  0]LogPakFile: OnPakFileMounted2Time == 0.000032
[2022.07.20-10.58.49:002][  0]LogPakFile: PakFile PrimaryIndexSize=188
[2022.07.20-10.58.49:002][  0]LogPakFile: PakFile PathHashIndexSize=101
[2022.07.20-10.58.49:002][  0]LogPakFile: PakFile FullDirectoryIndexSize=150
[2022.07.20-10.58.49:002][  0]LogShaderLibrary: Display: ShaderCodeLibraryPakFileMountedCallback: PakFile 'E:/Program Files/Epic Games/UE_4.27/FeaturePacks/TP_HandheldARBP.upack' (chunk index -1, root 'root:/') mounted
[2022.07.20-10.58.49:002][  0]LogShaderLibrary: Display: ShaderCodeLibraryPakFileMountedCallback: pending pak file info (ChunkID:-1 Root:root:/ File:E:/Program Files/Epic Games/UE_4.27/FeaturePacks/TP_HandheldARBP.upack)
[2022.07.20-10.58.49:002][  0]LogPakFile: OnPakFileMounted2Time == 0.000037
[2022.07.20-10.58.49:003][  0]LogPakFile: PakFile PrimaryIndexSize=182
[2022.07.20-10.58.49:003][  0]LogPakFile: PakFile PathHashIndexSize=101
[2022.07.20-10.58.49:003][  0]LogPakFile: PakFile FullDirectoryIndexSize=138
[2022.07.20-10.58.49:003][  0]LogShaderLibrary: Display: ShaderCodeLibraryPakFileMountedCallback: PakFile 'E:/Program Files/Epic Games/UE_4.27/FeaturePacks/TP_Puzzle.upack' (chunk index -1, root 'root:/') mounted
[2022.07.20-10.58.49:003][  0]LogShaderLibrary: Display: ShaderCodeLibraryPakFileMountedCallback: pending pak file info (ChunkID:-1 Root:root:/ File:E:/Program Files/Epic Games/UE_4.27/FeaturePacks/TP_Puzzle.upack)
[2022.07.20-10.58.49:003][  0]LogPakFile: OnPakFileMounted2Time == 0.000030
[2022.07.20-10.58.49:003][  0]LogPakFile: PakFile PrimaryIndexSize=184
[2022.07.20-10.58.49:003][  0]LogPakFile: PakFile PathHashIndexSize=101
[2022.07.20-10.58.49:003][  0]LogPakFile: PakFile FullDirectoryIndexSize=142
[2022.07.20-10.58.49:003][  0]LogShaderLibrary: Display: ShaderCodeLibraryPakFileMountedCallback: PakFile 'E:/Program Files/Epic Games/UE_4.27/FeaturePacks/TP_PuzzleBP.upack' (chunk index -1, root 'root:/') mounted
[2022.07.20-10.58.49:003][  0]LogShaderLibrary: Display: ShaderCodeLibraryPakFileMountedCallback: pending pak file info (ChunkID:-1 Root:root:/ File:E:/Program Files/Epic Games/UE_4.27/FeaturePacks/TP_PuzzleBP.upack)
[2022.07.20-10.58.49:003][  0]LogPakFile: OnPakFileMounted2Time == 0.000033
[2022.07.20-10.58.49:004][  0]LogPakFile: PakFile PrimaryIndexSize=183
[2022.07.20-10.58.49:004][  0]LogPakFile: PakFile PathHashIndexSize=101
[2022.07.20-10.58.49:004][  0]LogPakFile: PakFile FullDirectoryIndexSize=140
[2022.07.20-10.58.49:004][  0]LogShaderLibrary: Display: ShaderCodeLibraryPakFileMountedCallback: PakFile 'E:/Program Files/Epic Games/UE_4.27/FeaturePacks/TP_Rolling.upack' (chunk index -1, root 'root:/') mounted
[2022.07.20-10.58.49:004][  0]LogShaderLibrary: Display: ShaderCodeLibraryPakFileMountedCallback: pending pak file info (ChunkID:-1 Root:root:/ File:E:/Program Files/Epic Games/UE_4.27/FeaturePacks/TP_Rolling.upack)
[2022.07.20-10.58.49:004][  0]LogPakFile: OnPakFileMounted2Time == 0.000035
[2022.07.20-10.58.49:004][  0]LogPakFile: PakFile PrimaryIndexSize=185
[2022.07.20-10.58.49:004][  0]LogPakFile: PakFile PathHashIndexSize=101
[2022.07.20-10.58.49:004][  0]LogPakFile: PakFile FullDirectoryIndexSize=144
[2022.07.20-10.58.49:004][  0]LogShaderLibrary: Display: ShaderCodeLibraryPakFileMountedCallback: PakFile 'E:/Program Files/Epic Games/UE_4.27/FeaturePacks/TP_RollingBP.upack' (chunk index -1, root 'root:/') mounted
[2022.07.20-10.58.49:004][  0]LogShaderLibrary: Display: ShaderCodeLibraryPakFileMountedCallback: pending pak file info (ChunkID:-1 Root:root:/ File:E:/Program Files/Epic Games/UE_4.27/FeaturePacks/TP_RollingBP.upack)
[2022.07.20-10.58.49:004][  0]LogPakFile: OnPakFileMounted2Time == 0.000035
[2022.07.20-10.58.49:004][  0]LogPakFile: PakFile PrimaryIndexSize=188
[2022.07.20-10.58.49:004][  0]LogPakFile: PakFile PathHashIndexSize=101
[2022.07.20-10.58.49:005][  0]LogPakFile: PakFile FullDirectoryIndexSize=150
[2022.07.20-10.58.49:005][  0]LogShaderLibrary: Display: ShaderCodeLibraryPakFileMountedCallback: PakFile 'E:/Program Files/Epic Games/UE_4.27/FeaturePacks/TP_SideScroller.upack' (chunk index -1, root 'root:/') mounted
[2022.07.20-10.58.49:005][  0]LogShaderLibrary: Display: ShaderCodeLibraryPakFileMountedCallback: pending pak file info (ChunkID:-1 Root:root:/ File:E:/Program Files/Epic Games/UE_4.27/FeaturePacks/TP_SideScroller.upack)
[2022.07.20-10.58.49:005][  0]LogPakFile: OnPakFileMounted2Time == 0.000032
[2022.07.20-10.58.49:005][  0]LogPakFile: PakFile PrimaryIndexSize=190
[2022.07.20-10.58.49:005][  0]LogPakFile: PakFile PathHashIndexSize=101
[2022.07.20-10.58.49:005][  0]LogPakFile: PakFile FullDirectoryIndexSize=154
[2022.07.20-10.58.49:005][  0]LogShaderLibrary: Display: ShaderCodeLibraryPakFileMountedCallback: PakFile 'E:/Program Files/Epic Games/UE_4.27/FeaturePacks/TP_SideScrollerBP.upack' (chunk index -1, root 'root:/') mounted
[2022.07.20-10.58.49:005][  0]LogShaderLibrary: Display: ShaderCodeLibraryPakFileMountedCallback: pending pak file info (ChunkID:-1 Root:root:/ File:E:/Program Files/Epic Games/UE_4.27/FeaturePacks/TP_SideScrollerBP.upack)
[2022.07.20-10.58.49:005][  0]LogPakFile: OnPakFileMounted2Time == 0.000032
[2022.07.20-10.58.49:005][  0]LogPakFile: PakFile PrimaryIndexSize=187
[2022.07.20-10.58.49:005][  0]LogPakFile: PakFile PathHashIndexSize=101
[2022.07.20-10.58.49:005][  0]LogPakFile: PakFile FullDirectoryIndexSize=148
[2022.07.20-10.58.49:005][  0]LogShaderLibrary: Display: ShaderCodeLibraryPakFileMountedCallback: PakFile 'E:/Program Files/Epic Games/UE_4.27/FeaturePacks/TP_ThirdPerson.upack' (chunk index -1, root 'root:/') mounted
[2022.07.20-10.58.49:005][  0]LogShaderLibrary: Display: ShaderCodeLibraryPakFileMountedCallback: pending pak file info (ChunkID:-1 Root:root:/ File:E:/Program Files/Epic Games/UE_4.27/FeaturePacks/TP_ThirdPerson.upack)
[2022.07.20-10.58.49:005][  0]LogPakFile: OnPakFileMounted2Time == 0.000032
[2022.07.20-10.58.49:006][  0]LogPakFile: PakFile PrimaryIndexSize=189
[2022.07.20-10.58.49:006][  0]LogPakFile: PakFile PathHashIndexSize=101
[2022.07.20-10.58.49:006][  0]LogPakFile: PakFile FullDirectoryIndexSize=152
[2022.07.20-10.58.49:006][  0]LogShaderLibrary: Display: ShaderCodeLibraryPakFileMountedCallback: PakFile 'E:/Program Files/Epic Games/UE_4.27/FeaturePacks/TP_ThirdPersonBP.upack' (chunk index -1, root 'root:/') mounted
[2022.07.20-10.58.49:006][  0]LogShaderLibrary: Display: ShaderCodeLibraryPakFileMountedCallback: pending pak file info (ChunkID:-1 Root:root:/ File:E:/Program Files/Epic Games/UE_4.27/FeaturePacks/TP_ThirdPersonBP.upack)
[2022.07.20-10.58.49:006][  0]LogPakFile: OnPakFileMounted2Time == 0.000030
[2022.07.20-10.58.49:006][  0]LogPakFile: PakFile PrimaryIndexSize=183
[2022.07.20-10.58.49:006][  0]LogPakFile: PakFile PathHashIndexSize=101
[2022.07.20-10.58.49:006][  0]LogPakFile: PakFile FullDirectoryIndexSize=140
[2022.07.20-10.58.49:006][  0]LogShaderLibrary: Display: ShaderCodeLibraryPakFileMountedCallback: PakFile 'E:/Program Files/Epic Games/UE_4.27/FeaturePacks/TP_TopDown.upack' (chunk index -1, root 'root:/') mounted
[2022.07.20-10.58.49:006][  0]LogShaderLibrary: Display: ShaderCodeLibraryPakFileMountedCallback: pending pak file info (ChunkID:-1 Root:root:/ File:E:/Program Files/Epic Games/UE_4.27/FeaturePacks/TP_TopDown.upack)
[2022.07.20-10.58.49:006][  0]LogPakFile: OnPakFileMounted2Time == 0.000039
[2022.07.20-10.58.49:006][  0]LogPakFile: PakFile PrimaryIndexSize=185
[2022.07.20-10.58.49:006][  0]LogPakFile: PakFile PathHashIndexSize=101
[2022.07.20-10.58.49:007][  0]LogPakFile: PakFile FullDirectoryIndexSize=144
[2022.07.20-10.58.49:007][  0]LogShaderLibrary: Display: ShaderCodeLibraryPakFileMountedCallback: PakFile 'E:/Program Files/Epic Games/UE_4.27/FeaturePacks/TP_TopDownBP.upack' (chunk index -1, root 'root:/') mounted
[2022.07.20-10.58.49:007][  0]LogShaderLibrary: Display: ShaderCodeLibraryPakFileMountedCallback: pending pak file info (ChunkID:-1 Root:root:/ File:E:/Program Files/Epic Games/UE_4.27/FeaturePacks/TP_TopDownBP.upack)
[2022.07.20-10.58.49:007][  0]LogPakFile: OnPakFileMounted2Time == 0.000034
[2022.07.20-10.58.49:007][  0]LogPakFile: PakFile PrimaryIndexSize=185
[2022.07.20-10.58.49:007][  0]LogPakFile: PakFile PathHashIndexSize=101
[2022.07.20-10.58.49:007][  0]LogPakFile: PakFile FullDirectoryIndexSize=144
[2022.07.20-10.58.49:007][  0]LogShaderLibrary: Display: ShaderCodeLibraryPakFileMountedCallback: PakFile 'E:/Program Files/Epic Games/UE_4.27/FeaturePacks/TP_TwinStick.upack' (chunk index -1, root 'root:/') mounted
[2022.07.20-10.58.49:007][  0]LogShaderLibrary: Display: ShaderCodeLibraryPakFileMountedCallback: pending pak file info (ChunkID:-1 Root:root:/ File:E:/Program Files/Epic Games/UE_4.27/FeaturePacks/TP_TwinStick.upack)
[2022.07.20-10.58.49:007][  0]LogPakFile: OnPakFileMounted2Time == 0.000032
[2022.07.20-10.58.49:007][  0]LogPakFile: PakFile PrimaryIndexSize=187
[2022.07.20-10.58.49:007][  0]LogPakFile: PakFile PathHashIndexSize=101
[2022.07.20-10.58.49:007][  0]LogPakFile: PakFile FullDirectoryIndexSize=148
[2022.07.20-10.58.49:007][  0]LogShaderLibrary: Display: ShaderCodeLibraryPakFileMountedCallback: PakFile 'E:/Program Files/Epic Games/UE_4.27/FeaturePacks/TP_TwinStickBP.upack' (chunk index -1, root 'root:/') mounted
[2022.07.20-10.58.49:007][  0]LogShaderLibrary: Display: ShaderCodeLibraryPakFileMountedCallback: pending pak file info (ChunkID:-1 Root:root:/ File:E:/Program Files/Epic Games/UE_4.27/FeaturePacks/TP_TwinStickBP.upack)
[2022.07.20-10.58.49:007][  0]LogPakFile: OnPakFileMounted2Time == 0.000032
[2022.07.20-10.58.49:008][  0]LogPakFile: PakFile PrimaryIndexSize=183
[2022.07.20-10.58.49:008][  0]LogPakFile: PakFile PathHashIndexSize=101
[2022.07.20-10.58.49:008][  0]LogPakFile: PakFile FullDirectoryIndexSize=140
[2022.07.20-10.58.49:008][  0]LogShaderLibrary: Display: ShaderCodeLibraryPakFileMountedCallback: PakFile 'E:/Program Files/Epic Games/UE_4.27/FeaturePacks/TP_Vehicle.upack' (chunk index -1, root 'root:/') mounted
[2022.07.20-10.58.49:008][  0]LogShaderLibrary: Display: ShaderCodeLibraryPakFileMountedCallback: pending pak file info (ChunkID:-1 Root:root:/ File:E:/Program Files/Epic Games/UE_4.27/FeaturePacks/TP_Vehicle.upack)
[2022.07.20-10.58.49:008][  0]LogPakFile: OnPakFileMounted2Time == 0.000030
[2022.07.20-10.58.49:008][  0]LogPakFile: PakFile PrimaryIndexSize=186
[2022.07.20-10.58.49:008][  0]LogPakFile: PakFile PathHashIndexSize=101
[2022.07.20-10.58.49:008][  0]LogPakFile: PakFile FullDirectoryIndexSize=146
[2022.07.20-10.58.49:008][  0]LogShaderLibrary: Display: ShaderCodeLibraryPakFileMountedCallback: PakFile 'E:/Program Files/Epic Games/UE_4.27/FeaturePacks/TP_VehicleAdv.upack' (chunk index -1, root 'root:/') mounted
[2022.07.20-10.58.49:008][  0]LogShaderLibrary: Display: ShaderCodeLibraryPakFileMountedCallback: pending pak file info (ChunkID:-1 Root:root:/ File:E:/Program Files/Epic Games/UE_4.27/FeaturePacks/TP_VehicleAdv.upack)
[2022.07.20-10.58.49:008][  0]LogPakFile: OnPakFileMounted2Time == 0.000031
[2022.07.20-10.58.49:009][  0]LogPakFile: PakFile PrimaryIndexSize=188
[2022.07.20-10.58.49:009][  0]LogPakFile: PakFile PathHashIndexSize=101
[2022.07.20-10.58.49:009][  0]LogPakFile: PakFile FullDirectoryIndexSize=150
[2022.07.20-10.58.49:009][  0]LogShaderLibrary: Display: ShaderCodeLibraryPakFileMountedCallback: PakFile 'E:/Program Files/Epic Games/UE_4.27/FeaturePacks/TP_VehicleAdvBP.upack' (chunk index -1, root 'root:/') mounted
[2022.07.20-10.58.49:009][  0]LogShaderLibrary: Display: ShaderCodeLibraryPakFileMountedCallback: pending pak file info (ChunkID:-1 Root:root:/ File:E:/Program Files/Epic Games/UE_4.27/FeaturePacks/TP_VehicleAdvBP.upack)
[2022.07.20-10.58.49:009][  0]LogPakFile: OnPakFileMounted2Time == 0.000035
[2022.07.20-10.58.49:009][  0]LogPakFile: PakFile PrimaryIndexSize=185
[2022.07.20-10.58.49:009][  0]LogPakFile: PakFile PathHashIndexSize=101
[2022.07.20-10.58.49:009][  0]LogPakFile: PakFile FullDirectoryIndexSize=144
[2022.07.20-10.58.49:009][  0]LogShaderLibrary: Display: ShaderCodeLibraryPakFileMountedCallback: PakFile 'E:/Program Files/Epic Games/UE_4.27/FeaturePacks/TP_VehicleBP.upack' (chunk index -1, root 'root:/') mounted
[2022.07.20-10.58.49:009][  0]LogShaderLibrary: Display: ShaderCodeLibraryPakFileMountedCallback: pending pak file info (ChunkID:-1 Root:root:/ File:E:/Program Files/Epic Games/UE_4.27/FeaturePacks/TP_VehicleBP.upack)
[2022.07.20-10.58.49:009][  0]LogPakFile: OnPakFileMounted2Time == 0.000034
[2022.07.20-10.58.49:009][  0]LogPakFile: PakFile PrimaryIndexSize=192
[2022.07.20-10.58.49:009][  0]LogPakFile: PakFile PathHashIndexSize=101
[2022.07.20-10.58.49:009][  0]LogPakFile: PakFile FullDirectoryIndexSize=158
[2022.07.20-10.58.49:009][  0]LogShaderLibrary: Display: ShaderCodeLibraryPakFileMountedCallback: PakFile 'E:/Program Files/Epic Games/UE_4.27/FeaturePacks/TP_VirtualRealityBP.upack' (chunk index -1, root 'root:/') mounted
[2022.07.20-10.58.49:010][  0]LogShaderLibrary: Display: ShaderCodeLibraryPakFileMountedCallback: pending pak file info (ChunkID:-1 Root:root:/ File:E:/Program Files/Epic Games/UE_4.27/FeaturePacks/TP_VirtualRealityBP.upack)
[2022.07.20-10.58.49:010][  0]LogPakFile: OnPakFileMounted2Time == 0.000033
[2022.07.20-10.58.49:056][  0]LogNativeClassHierarchy: Verbose: Native class hierarchy updated for 'AddContentDialog' in 0.0002 seconds. Added 0 classes and 0 folders.
[2022.07.20-10.58.49:056][  0]LogNativeClassHierarchy: Verbose: Native class hierarchy updated for 'SceneOutliner' in 0.0002 seconds. Added 2 classes and 0 folders.
[2022.07.20-10.58.49:088][  0]LogSlate: Took 0.000180 seconds to synchronously load lazily loaded font '../../../Engine/Content/Slate/Fonts/Roboto-Regular.ttf' (155K)
[2022.07.20-10.58.49:090][  0]LogSlate: Took 0.000177 seconds to synchronously load lazily loaded font '../../../Engine/Content/Editor/Slate/Fonts/FontAwesome.ttf' (139K)
[2022.07.20-10.58.49:091][  0]LogSlate: Took 0.000135 seconds to synchronously load lazily loaded font '../../../Engine/Content/Slate/Fonts/Roboto-Bold.ttf' (160K)
[2022.07.20-10.58.49:094][  0]LogSlate: Took 0.000132 seconds to synchronously load lazily loaded font '../../../Engine/Content/Slate/Fonts/DroidSansMono.ttf' (77K)
[2022.07.20-10.58.49:134][  0]LogSlate: Took 0.000954 seconds to synchronously load lazily loaded font '../../../Engine/Content/Slate/Fonts/DroidSansFallback.ttf' (3848K)
[2022.07.20-10.58.49:212][  0]LogRenderer: Reallocating scene render targets to support 440x480 Format 10 NumSamples 1 (Frame:1).
[2022.07.20-10.58.49:288][  0]LogNativeClassHierarchy: Verbose: Native class hierarchy updated for 'HierarchicalLODOutliner' in 0.0002 seconds. Added 0 classes and 0 folders.
[2022.07.20-10.58.49:288][  0]LogLoad: (Engine Initialization) Total time: 7.17 seconds
[2022.07.20-10.58.49:288][  0]LogLoad: (Engine Initialization) Total Blueprint compile time: 0.00 seconds
[2022.07.20-10.58.49:328][  0]LogAssetRegistry: Asset discovery search completed in 4.1643 seconds
[2022.07.20-10.58.49:332][  0]LogCollectionManager: Fixed up redirectors for 0 collections in 0.000002 seconds (updated 0 objects)
[2022.07.20-10.58.49:334][  0]LogContentStreaming: Texture pool size now 1000 MB
[2022.07.20-10.58.49:348][  1]LogPython: Hello
[2022.07.20-10.58.51:314][  7]LogPython: Display: Generating Python API stub file...
[2022.07.20-10.58.51:315][  7]LogPython: Display:   ...generating Python API: glue code
[2022.07.20-10.58.51:564][  7]LogPython: Display:   ...generating Python API: additional code
[2022.07.20-10.58.51:648][  7]LogPython: Display:   ...generated: E:/github/unreal_code_practice/AGunPythonPractice/Intermediate/PythonStub/unreal.py
[2022.07.20-10.58.53:096][ 23]LogWindowsTextInputMethodSystem: Display: IME system activated using TSF (微软拼音).
[2022.07.20-10.59.50:097][773]LogSlate: Took 0.000106 seconds to synchronously load lazily loaded font '../../../Engine/Content/Slate/Fonts/Roboto-Light.ttf' (167K)
[2022.07.20-10.59.51:775][773]LogSlate: Window 'Save Level As' being destroyed
[2022.07.20-11.00.00:894][867]LogPython: import WorldFunction as f
[2022.07.20-11.00.09:752][577]LogPython: f.get_selected_actor_EXAMPLE()
[2022.07.20-11.00.19:886][767]LogPython: f.get_selected_actor_EXAMPLE()
[2022.07.20-11.04.39:398][930]LogPython: from importlib import reload
[2022.07.20-11.04.44:313][520]LogPython: reload(f)
[2022.07.20-11.04.58:621][215]LogPython: f.get_selected_actor_EXAMPLE()
[2022.07.20-11.04.58:622][215]LogPython: <Object '/Temp/Untitled_1.Untitled_1:PersistentLevel.BP_Actor_2' (0x0000024472F3AE80) Class 'BP_Actor_C'>
[2022.07.20-11.06.48:702][220]LogPython: f.set_actors_EXAMPLE()
[2022.07.20-11.06.48:787][220]LogEditorScripting: Warning: SetSelectedLevelActors. Can't select actor 'AbstractNavData-Default'.
[2022.07.20-11.06.48:793][220]LogEditorScripting: Warning: SetSelectedLevelActors. Can't select actor 'AbstractNavData-Default'.
[2022.07.20-11.06.48:800][220]LogEditorScripting: Warning: SetSelectedLevelActors. Can't select actor 'AbstractNavData-Default'.
[2022.07.20-11.08.52:523][695]LogPython: reload(f)
[2022.07.20-11.08.58:230][183]LogPython: f.clear_actor_selection_EXAMPLE()
[2022.07.20-11.10.35:670][575]LogEditorViewport: Clicking on Actor (LMB): StaticMeshActor (Floor)
[2022.07.20-11.10.38:452][898]LogRenderer: Reallocating scene render targets to support 484x480 Format 10 NumSamples 1 (Frame:9888).
[2022.07.20-11.10.38:490][899]LogRenderer: Reallocating scene render targets to support 620x480 Format 10 NumSamples 1 (Frame:9890).
[2022.07.20-11.10.38:529][900]LogRenderer: Reallocating scene render targets to support 708x480 Format 10 NumSamples 1 (Frame:9892).
[2022.07.20-11.10.38:566][901]LogRenderer: Reallocating scene render targets to support 772x480 Format 10 NumSamples 1 (Frame:9894).
[2022.07.20-11.10.38:601][902]LogRenderer: Reallocating scene render targets to support 832x480 Format 10 NumSamples 1 (Frame:9896).
[2022.07.20-11.10.38:636][903]LogRenderer: Reallocating scene render targets to support 864x480 Format 10 NumSamples 1 (Frame:9898).
[2022.07.20-11.10.43:829][463]LogSlate: Updating window title bar state: overlay mode, drag disabled, window buttons hidden, title bar hidden
[2022.07.20-11.10.43:837][463]LogSlate: Updating window title bar state: overlay mode, drag disabled, window buttons hidden, title bar hidden
[2022.07.20-11.10.43:843][463]LogSlate: Updating window title bar state: overlay mode, drag disabled, window buttons hidden, title bar hidden
[2022.07.20-11.10.43:850][463]LogSlate: Updating window title bar state: overlay mode, drag disabled, window buttons hidden, title bar hidden
[2022.07.20-11.10.43:915][464]LogRenderer: Reallocating scene render targets to support 996x564 Format 10 NumSamples 1 (Frame:10001).
[2022.07.20-11.10.44:968][578]LogRenderer: Reallocating scene render targets to support 996x572 Format 10 NumSamples 1 (Frame:10191).
[2022.07.20-11.10.45:574][634]LogSlate: Window 'Viewport 2' being destroyed
[2022.07.20-11.11.15:631][715]LogEditorViewport: Clicking on Actor (LMB): StaticMeshActor (Floor)
[2022.07.20-11.11.15:845][740]LogEditorViewport: Clicking on Actor (LMB): BP_Actor_C (BP_Actor2)
[2022.07.20-11.11.39:005][499]Cmd: camera align activeviewportonly
[2022.07.20-11.11.54:491][715]LogEditorViewport: Clicking on Actor (LMB): BP_Sky_Sphere_C (Sky Sphere)
[2022.07.20-11.12.00:934][483]Cmd: camera align
[2022.07.20-11.12.20:032][500]Cmd: camera align
[2022.07.20-11.29.52:652][517]LogEditorViewport: Clicking on Actor (LMB): StaticMeshActor (Floor)
[2022.07.20-11.29.53:739][642]LogEditorViewport: Clicking on Actor (LMB): StaticMeshActor (Floor)
[2022.07.20-11.30.20:079][796]LogPython: import EditorFunctions as f
[2022.07.20-11.30.29:304][667]LogPython: f.focus_viewport_on_actor()
[2022.07.20-11.30.29:305][667]LogPython: Error: Traceback (most recent call last):
[2022.07.20-11.30.29:305][667]LogPython: Error:   File "<string>", line 1, in <module>
[2022.07.20-11.30.29:305][667]LogPython: Error:   File "E:/github/unreal_code_practice/AGunPythonPractice/Script\EditorFunctions.py", line 10, in focus_viewport_on_actor
[2022.07.20-11.30.29:305][667]LogPython: Error:     cmd += 'NAME=' + actor.get_name()
[2022.07.20-11.30.29:305][667]LogPython: Error: AttributeError: 'bool' object has no attribute 'get_name'
[2022.07.20-11.30.59:713][153]LogPython: reload(f)
[2022.07.20-11.31.06:063][719]LogPython: f.focus_viewport_on_actor()
[2022.07.20-11.31.06:063][719]Cmd: CAMERA ALIGNACTIVEVIEWPORTONLY
[2022.07.20-11.31.28:939][461]Cmd:  CAMERA ALIGNACTIVEVIEWPORTONLY
[2022.07.20-11.31.36:755][396]LogEditorViewport: Clicking on Actor (LMB): StaticMeshActor (Floor)
[2022.07.20-11.31.37:597][496]LogEditorViewport: Clicking on Actor (LMB): BP_Actor_C (BP_Actor2)
[2022.07.20-11.31.42:802][117]Cmd:  CAMERA ALIGNACTIVEVIEWPORTONLY
[2022.07.20-11.31.50:945][660]Cmd: f.focus_all_viewports_on_selected_actors_EXAMPLE()
[2022.07.20-11.31.57:576][292]LogPython: f.focus_viewport_on_actor()
[2022.07.20-11.31.57:577][292]Cmd: CAMERA ALIGNACTIVEVIEWPORTONLY
[2022.07.20-11.58.01:580][779]LogRenderer: Reallocating scene render targets to support 996x680 Format 10 NumSamples 1 (Frame:42745).
